#
# A fatal error has been detected by the Java Runtime Environment:
#
#  EXCEPTION_ACCESS_VIOLATION (0xc0000005) at pc=0x00007ff803568826, pid=7480, tid=11988
#
# JRE version: OpenJDK Runtime Environment (11.0.8+10) (build 11.0.8+10-b944.6842174)
# Java VM: OpenJDK 64-Bit Server VM (11.0.8+10-b944.6842174, mixed mode, tiered, compressed oops, g1 gc, windows-amd64)
# Problematic frame:
# V  [jvm.dll+0x188826]
#
# No core dump will be written. Minidumps are not enabled by default on client versions of Windows
#
# If you would like to submit a bug report, please visit:
#   https://bugreport.java.com/bugreport/crash.jsp
#

---------------  S U M M A R Y ------------

Command Line: --add-opens=java.base/java.util=ALL-UNNAMED --add-opens=java.base/java.lang=ALL-UNNAMED --add-opens=java.base/java.lang.invoke=ALL-UNNAMED --add-opens=java.prefs/java.util.prefs=ALL-UNNAMED -Xmx1536m -Dfile.encoding=GBK -Duser.country=CN -Duser.language=zh -Duser.variant org.gradle.launcher.daemon.bootstrap.GradleDaemon 5.6.3

Host: Intel(R) Core(TM) i7-10510U CPU @ 1.80GHz, 8 cores, 15G,  Windows 10 , 64 bit Build 19041 (10.0.19041.1023)
Time: Wed Jul  7 14:34:25 2021 中国标准时间 elapsed time: 9322 seconds (0d 2h 35m 22s)

---------------  T H R E A D  ---------------

Current thread (0x0000026d4597d000):  ConcurrentGCThread "G1 Conc#0" [stack: 0x000000c610d00000,0x000000c610e00000] [id=11988]

Stack: [0x000000c610d00000,0x000000c610e00000],  sp=0x000000c610dff1a8,  free space=1020k
Native frames: (J=compiled Java code, j=interpreted, Vv=VM code, C=native code)
V  [jvm.dll+0x188826]


siginfo: EXCEPTION_ACCESS_VIOLATION (0xc0000005), reading address 0x00000000000000b0


Register to memory mapping:

RIP=0x00007ff803568826 jvm.dll
RAX=0x0924482491484101 is an unknown value
RBX=0x00000000a5162f50 is pointing into object: [B 
{0x00000000a5162f28} - klass: {type array byte}
 - length: 25
RCX=0x00000000a5162f50 is pointing into object: [B 
{0x00000000a5162f28} - klass: {type array byte}
 - length: 25
RDX=0x00000000a5162f50 is pointing into object: [B 
{0x00000000a5162f28} - klass: {type array byte}
 - length: 25
RSP=0x000000c610dff1a8 points into unknown readable memory: ba 79 6b 03 f8 7f 00 00
RBP=0x0000026d45972fc0 points into unknown readable memory: 00 a0 97 45 6d 02 00 00
RSI=0x0000000000000001 is an unknown value
RDI=0x0 is NULL
R8 =0x0924482491484129 is an unknown value
R9 =0x00000000000000a8 is an unknown value
R10=0x0000026d45972fc0 points into unknown readable memory: 00 a0 97 45 6d 02 00 00
R11=0x000000000000000c is an unknown value
R12=0x000000000000000c is an unknown value
R13=0xaaaaaaaaaaaaaaab is an unknown value
R14=0x0000000000000001 is an unknown value
R15=0x000000c610dff420 points into unknown readable memory: c0 2f 97 45 6d 02 00 00


Registers:
RAX=0x0924482491484101, RBX=0x00000000a5162f50, RCX=0x00000000a5162f50, RDX=0x00000000a5162f50
RSP=0x000000c610dff1a8, RBP=0x0000026d45972fc0, RSI=0x0000000000000001, RDI=0x0000000000000000
R8 =0x0924482491484129, R9 =0x00000000000000a8, R10=0x0000026d45972fc0, R11=0x000000000000000c
R12=0x000000000000000c, R13=0xaaaaaaaaaaaaaaab, R14=0x0000000000000001, R15=0x000000c610dff420
RIP=0x00007ff803568826, EFLAGS=0x0000000000010202

Top of Stack: (sp=0x000000c610dff1a8)
0x000000c610dff1a8:   00007ff8036b79ba 00000000a5162f50
0x000000c610dff1b8:   000000c610dff448 0000026d5a86b7ff
0x000000c610dff1c8:   00007ff803a086a3 0000026d4597d701
0x000000c610dff1d8:   00007ff8036b7866 000000c610dff448
0x000000c610dff1e8:   00000000a5162f50 0000026d45984ea0
0x000000c610dff1f8:   0000000000b40000 0000000000000000
0x000000c610dff208:   00007ff8034e96f3 00000000a5a44dc8
0x000000c610dff218:   00007ff8036b0d1d 0000026d45949c10
0x000000c610dff228:   00000000a5a45a48 0000000000004002
0x000000c610dff238:   00007ff8036b79e7 000000c610dff448
0x000000c610dff248:   00007ff8036b05c9 00000000a5a41a48
0x000000c610dff258:   0000000100013f08 0000000100aebcf0
0x000000c610dff268:   00007ff8036b7866 00000000a5a45a48
0x000000c610dff278:   00000000a5c2cb98 00000000a5a41a48
0x000000c610dff288:   0000000000000800 0000000000000800
0x000000c610dff298:   00007ff8036c47e6 00000000a5a41a48 

Instructions: (pc=0x00007ff803568826)
0x00007ff803568726:   81 00 48 d3 e0 48 03 05 5e 43 81 00 eb 04 48 8b
0x00007ff803568736:   43 08 81 78 08 00 00 00 c0 73 7d 48 8b 4f 38 48
0x00007ff803568746:   8b d3 48 8b 01 ff 50 20 84 c0 75 6c 38 05 97 cb
0x00007ff803568756:   85 00 74 15 8b 53 08 8b 0d 35 43 81 00 48 d3 e2
0x00007ff803568766:   48 03 15 23 43 81 00 eb 04 48 8b 53 08 48 8b cb
0x00007ff803568776:   48 89 5c 24 20 e8 a0 00 00 00 80 7f 30 00 48 63
0x00007ff803568786:   c8 48 89 4c 24 28 0f 28 44 24 20 74 17 0f 11 86
0x00007ff803568796:   90 03 00 00 48 8b 5c 24 40 48 8b 74 24 48 48 83
0x00007ff8035687a6:   c4 30 5f c3 48 8b 07 48 8d 54 24 20 48 8b cf 66
0x00007ff8035687b6:   0f 7f 44 24 20 ff 50 38 48 8b 5c 24 40 48 8b 74
0x00007ff8035687c6:   24 48 48 83 c4 30 5f c3 cc cc 48 8b 49 38 48 8b
0x00007ff8035687d6:   01 48 ff 60 28 cc cc cc cc cc 80 3d 08 cb 85 00
0x00007ff8035687e6:   00 48 8b c1 74 1b 8b 51 08 8b 0d a3 42 81 00 48
0x00007ff8035687f6:   d3 e2 48 8b c8 48 03 15 8e 42 81 00 e9 19 00 00
0x00007ff803568806:   00 48 8b 51 08 48 8b c8 e9 0d 00 00 00 cc cc cc
0x00007ff803568816:   cc cc cc cc cc cc cc cc cc cc 4c 8b ca 48 8b d1
0x00007ff803568826:   45 8b 41 08 45 85 c0 7e 0e 41 f6 c0 01 75 59 41
0x00007ff803568836:   c1 f8 03 41 8b c0 c3 79 4f 80 3d a9 ca 85 00 00
0x00007ff803568846:   b8 0c 00 00 00 b9 10 00 00 00 0f 45 c8 8b 05 4b
0x00007ff803568856:   8e 7f 00 ff c8 4c 63 c8 48 63 c1 41 8b c8 83 e1
0x00007ff803568866:   3f 48 63 14 10 41 8b c0 48 c1 f8 10 0f b6 c0 48
0x00007ff803568876:   d3 e2 49 8d 0c 11 49 f7 d1 48 03 c1 49 c1 e9 03
0x00007ff803568886:   48 c1 e8 03 41 23 c1 c3 49 8b 01 49 8b c9 48 ff
0x00007ff803568896:   a0 10 01 00 00 cc cc cc cc cc 48 83 ec 38 0f 10
0x00007ff8035688a6:   02 48 8b 49 38 48 8d 54 24 20 0f 29 44 24 20 e8
0x00007ff8035688b6:   66 f0 ff ff 48 83 c4 38 c3 cc 48 83 ec 38 0f 10
0x00007ff8035688c6:   02 48 8b 01 48 8d 54 24 20 0f 29 44 24 20 ff 50
0x00007ff8035688d6:   38 48 83 c4 38 c3 cc cc cc cc 48 89 5c 24 08 55
0x00007ff8035688e6:   56 57 41 54 41 55 41 56 41 57 48 8d 6c 24 e0 48
0x00007ff8035688f6:   81 ec 20 01 00 00 48 8b 05 ad c4 82 00 48 33 c4
0x00007ff803568906:   48 89 45 10 48 8b 05 0f 35 85 00 45 33 ed 4c 8b
0x00007ff803568916:   b5 80 00 00 00 4c 8b fa 48 8b bd 88 00 00 00 4d 


Stack slot to memory mapping:
stack at sp + 0 slots: 0x00007ff8036b79ba jvm.dll
stack at sp + 1 slots: 0x00000000a5162f50 is pointing into object: [B 
{0x00000000a5162f28} - klass: {type array byte}
 - length: 25
stack at sp + 2 slots: 0x000000c610dff448 points into unknown readable memory: 60 e1 be 03 f8 7f 00 00
stack at sp + 3 slots: 0x0000026d5a86b7ff points into unknown readable memory: 00
stack at sp + 4 slots: 0x00007ff803a086a3 jvm.dll
stack at sp + 5 slots: 0x0000026d4597d701 points into unknown readable memory: 00 00 00 00 00 00 00
stack at sp + 6 slots: 0x00007ff8036b7866 jvm.dll
stack at sp + 7 slots: 0x000000c610dff448 points into unknown readable memory: 60 e1 be 03 f8 7f 00 00


---------------  P R O C E S S  ---------------

Threads class SMR info:
_java_thread_list=0x0000026d65463e60, length=61, elements={
0x0000026d45939800, 0x0000026d61159800, 0x0000026d6115b000, 0x0000026d611cc800,
0x0000026d611ce800, 0x0000026d611d0000, 0x0000026d611d5000, 0x0000026d611dd800,
0x0000026d61356800, 0x0000026d61383800, 0x0000026d6256d800, 0x0000026d628b9800,
0x0000026d623bb000, 0x0000026d62fca800, 0x0000026d62fcb800, 0x0000026d62fc9800,
0x0000026d66faa000, 0x0000026d66fb0800, 0x0000026d66faf000, 0x0000026d68453800,
0x0000026d68457000, 0x0000026d66fa7000, 0x0000026d66fa9000, 0x0000026d66fa7800,
0x0000026d66fa4800, 0x0000026d66fab000, 0x0000026d66fa5000, 0x0000026d66fa8800,
0x0000026d66fab800, 0x0000026d66fa6000, 0x0000026d66fb1800, 0x0000026d66faf800,
0x0000026d66fae000, 0x0000026d66fb2000, 0x0000026d66fb3000, 0x0000026d66fad800,
0x0000026d68453000, 0x0000026d68451800, 0x0000026d68458000, 0x0000026d68456000,
0x0000026d68452000, 0x0000026d6845b000, 0x0000026d6845c000, 0x0000026d6845c800,
0x0000026d6845d800, 0x0000026d6845e800, 0x0000026d68458800, 0x0000026d6845f000,
0x0000026d68459800, 0x0000026d68460000, 0x0000026d6845a000, 0x0000026d62fcd000,
0x0000026d62fc7000, 0x0000026d6b953800, 0x0000026d6b952800, 0x0000026d6b952000,
0x0000026d6b94f800, 0x0000026d6b950000, 0x0000026d6b954800, 0x0000026d63264800,
0x0000026d68759800
}

Java Threads: ( => current thread )
  0x0000026d45939800 JavaThread "main" [_thread_blocked, id=8728, stack(0x000000c610a00000,0x000000c610b00000)]
  0x0000026d61159800 JavaThread "Reference Handler" daemon [_thread_blocked, id=22172, stack(0x000000c611100000,0x000000c611200000)]
  0x0000026d6115b000 JavaThread "Finalizer" daemon [_thread_blocked, id=13980, stack(0x000000c611200000,0x000000c611300000)]
  0x0000026d611cc800 JavaThread "Signal Dispatcher" daemon [_thread_blocked, id=9580, stack(0x000000c611300000,0x000000c611400000)]
  0x0000026d611ce800 JavaThread "Attach Listener" daemon [_thread_blocked, id=29132, stack(0x000000c611400000,0x000000c611500000)]
  0x0000026d611d0000 JavaThread "C2 CompilerThread0" daemon [_thread_in_native, id=14596, stack(0x000000c611500000,0x000000c611600000)]
  0x0000026d611d5000 JavaThread "C1 CompilerThread0" daemon [_thread_blocked, id=18796, stack(0x000000c611600000,0x000000c611700000)]
  0x0000026d611dd800 JavaThread "Sweeper thread" daemon [_thread_blocked, id=9452, stack(0x000000c611700000,0x000000c611800000)]
  0x0000026d61356800 JavaThread "Common-Cleaner" daemon [_thread_blocked, id=4360, stack(0x000000c611800000,0x000000c611900000)]
  0x0000026d61383800 JavaThread "Service Thread" daemon [_thread_blocked, id=27924, stack(0x000000c611900000,0x000000c611a00000)]
  0x0000026d6256d800 JavaThread "Daemon health stats" [_thread_blocked, id=20348, stack(0x000000c612100000,0x000000c612200000)]
  0x0000026d628b9800 JavaThread "Incoming local TCP Connector on port 58344" [_thread_in_native, id=18804, stack(0x000000c611b00000,0x000000c611c00000)]
  0x0000026d623bb000 JavaThread "Daemon periodic checks" [_thread_blocked, id=9284, stack(0x000000c612200000,0x000000c612300000)]
  0x0000026d62fca800 JavaThread "Cache worker for file hash cache (C:\Users\ZJ\.gradle\caches\5.6.3\fileHashes)" [_thread_blocked, id=20184, stack(0x000000c612a00000,0x000000c612b00000)]
  0x0000026d62fcb800 JavaThread "File lock request listener" [_thread_in_native, id=10152, stack(0x000000c612b00000,0x000000c612c00000)]
  0x0000026d62fc9800 JavaThread "Cache worker for journal cache (C:\Users\ZJ\.gradle\caches\journal-1)" [_thread_blocked, id=21468, stack(0x000000c612c00000,0x000000c612d00000)]
  0x0000026d66faa000 JavaThread "Cache worker for execution history cache (C:\Users\ZJ\.gradle\caches\5.6.3\executionHistory)" [_thread_blocked, id=30972, stack(0x000000c613500000,0x000000c613600000)]
  0x0000026d66fb0800 JavaThread "Memory manager" [_thread_blocked, id=21356, stack(0x000000c613f00000,0x000000c614000000)]
  0x0000026d66faf000 JavaThread "Cache worker for file content cache (C:\Users\ZJ\.gradle\caches\5.6.3\fileContent)" [_thread_blocked, id=2636, stack(0x000000c614000000,0x000000c614100000)]
  0x0000026d68453800 JavaThread "Cache worker for Java compile cache (C:\Users\ZJ\.gradle\caches\5.6.3\javaCompile)" [_thread_blocked, id=1552, stack(0x000000c615000000,0x000000c615100000)]
  0x0000026d68457000 JavaThread "ForkJoinPool.commonPool-worker-3" daemon [_thread_blocked, id=11924, stack(0x000000c615200000,0x000000c615300000)]
  0x0000026d66fa7000 JavaThread "Daemon Thread 2" [_thread_blocked, id=13848, stack(0x000000c610700000,0x000000c610800000)]
  0x0000026d66fa9000 JavaThread "Handler for socket connection from /127.0.0.1:58344 to /127.0.0.1:58319" [_thread_in_native, id=24160, stack(0x000000c610800000,0x000000c610900000)]
  0x0000026d66fa7800 JavaThread "Cancel handler" [_thread_blocked, id=4596, stack(0x000000c610900000,0x000000c610a00000)]
  0x0000026d66fa4800 JavaThread "Daemon worker Thread 2" [_thread_blocked, id=21036, stack(0x000000c612300000,0x000000c612400000)]
  0x0000026d66fab000 JavaThread "Asynchronous log dispatcher for DefaultDaemonConnection: socket connection from /127.0.0.1:58344 to /127.0.0.1:58319" [_thread_blocked, id=144, stack(0x000000c612400000,0x000000c612500000)]
  0x0000026d66fa5000 JavaThread "Stdin handler" [_thread_blocked, id=26432, stack(0x000000c612500000,0x000000c612600000)]
  0x0000026d66fa8800 JavaThread "Thread-52" [_thread_blocked, id=6256, stack(0x000000c612600000,0x000000c612700000)]
  0x0000026d66fab800 JavaThread "Cache worker for file hash cache (D:\android\AndroidUSBCamera_saturation\.gradle\5.6.3\fileHashes)" [_thread_blocked, id=29928, stack(0x000000c612700000,0x000000c612800000)]
  0x0000026d66fa6000 JavaThread "Cache worker for cache directory md-supplier (C:\Users\ZJ\.gradle\caches\5.6.3\md-supplier)" [_thread_blocked, id=920, stack(0x000000c612800000,0x000000c612900000)]
  0x0000026d66fb1800 JavaThread "Cache worker for cache directory md-rule (C:\Users\ZJ\.gradle\caches\5.6.3\md-rule)" [_thread_blocked, id=8064, stack(0x000000c612900000,0x000000c612a00000)]
  0x0000026d66faf800 JavaThread "Build operations" [_thread_blocked, id=22116, stack(0x000000c613000000,0x000000c613100000)]
  0x0000026d66fae000 JavaThread "Build operations Thread 2" [_thread_blocked, id=29840, stack(0x000000c613100000,0x000000c613200000)]
  0x0000026d66fb2000 JavaThread "Build operations Thread 3" [_thread_blocked, id=15164, stack(0x000000c613200000,0x000000c613300000)]
  0x0000026d66fb3000 JavaThread "Build operations Thread 4" [_thread_blocked, id=27572, stack(0x000000c613300000,0x000000c613400000)]
  0x0000026d66fad800 JavaThread "Build operations Thread 5" [_thread_blocked, id=29064, stack(0x000000c613400000,0x000000c613500000)]
  0x0000026d68453000 JavaThread "Build operations Thread 6" [_thread_blocked, id=14260, stack(0x000000c613600000,0x000000c613700000)]
  0x0000026d68451800 JavaThread "Build operations Thread 7" [_thread_blocked, id=5320, stack(0x000000c613700000,0x000000c613800000)]
  0x0000026d68458000 JavaThread "Build operations Thread 8" [_thread_blocked, id=13496, stack(0x000000c613800000,0x000000c613900000)]
  0x0000026d68456000 JavaThread "Cache worker for Build Output Cleanup Cache (D:\android\AndroidUSBCamera_saturation\.gradle\buildOutputCleanup)" [_thread_blocked, id=26880, stack(0x000000c613900000,0x000000c613a00000)]
  0x0000026d68452000 JavaThread "Cache worker for file content cache (D:\android\AndroidUSBCamera_saturation\.gradle\5.6.3\fileContent)" [_thread_blocked, id=14716, stack(0x000000c613b00000,0x000000c613c00000)]
  0x0000026d6845b000 JavaThread "Execution worker for ':'" [_thread_blocked, id=29068, stack(0x000000c613d00000,0x000000c613e00000)]
  0x0000026d6845c000 JavaThread "Execution worker for ':' Thread 2" [_thread_blocked, id=2052, stack(0x000000c613e00000,0x000000c613f00000)]
  0x0000026d6845c800 JavaThread "Execution worker for ':' Thread 3" [_thread_blocked, id=30068, stack(0x000000c614100000,0x000000c614200000)]
  0x0000026d6845d800 JavaThread "Execution worker for ':' Thread 4" [_thread_blocked, id=280, stack(0x000000c614200000,0x000000c614300000)]
  0x0000026d6845e800 JavaThread "Execution worker for ':' Thread 5" [_thread_blocked, id=23612, stack(0x000000c614300000,0x000000c614400000)]
  0x0000026d68458800 JavaThread "Execution worker for ':' Thread 6" [_thread_blocked, id=28980, stack(0x000000c614400000,0x000000c614500000)]
  0x0000026d6845f000 JavaThread "Execution worker for ':' Thread 7" [_thread_blocked, id=28636, stack(0x000000c614500000,0x000000c614600000)]
  0x0000026d68459800 JavaThread "Cache worker for execution history cache (D:\android\AndroidUSBCamera_saturation\.gradle\5.6.3\executionHistory)" [_thread_blocked, id=18896, stack(0x000000c614600000,0x000000c614700000)]
  0x0000026d68460000 JavaThread "WorkerExecutor Queue" [_thread_blocked, id=28032, stack(0x000000c614700000,0x000000c614800000)]
  0x0000026d6845a000 JavaThread "WorkerExecutor Queue Thread 2" [_thread_blocked, id=15532, stack(0x000000c614800000,0x000000c614900000)]
  0x0000026d62fcd000 JavaThread "pool-5-thread-1" [_thread_blocked, id=8668, stack(0x000000c614900000,0x000000c614a00000)]
  0x0000026d62fc7000 JavaThread "stderr" [_thread_in_native, id=30140, stack(0x000000c614b00000,0x000000c614c00000)]
  0x0000026d6b953800 JavaThread "stdout" [_thread_in_native, id=31520, stack(0x000000c614c00000,0x000000c614d00000)]
  0x0000026d6b952800 JavaThread "stderr" [_thread_in_native, id=31204, stack(0x000000c614d00000,0x000000c614e00000)]
  0x0000026d6b952000 JavaThread "stdout" [_thread_in_native, id=12076, stack(0x000000c614e00000,0x000000c614f00000)]
  0x0000026d6b94f800 JavaThread "WorkerExecutor Queue Thread 3" [_thread_blocked, id=20824, stack(0x000000c614f00000,0x000000c615000000)]
  0x0000026d6b950000 JavaThread "WorkerExecutor Queue Thread 4" [_thread_blocked, id=10936, stack(0x000000c615100000,0x000000c615200000)]
  0x0000026d6b954800 JavaThread "Cache worker for Java compile cache (D:\android\AndroidUSBCamera_saturation\.gradle\5.6.3\javaCompile)" [_thread_blocked, id=32428, stack(0x000000c615400000,0x000000c615500000)]
  0x0000026d63264800 JavaThread "C2 CompilerThread1" daemon [_thread_in_native, id=6996, stack(0x000000c613a00000,0x000000c613b00000)]
  0x0000026d68759800 JavaThread "C2 CompilerThread2" daemon [_thread_in_native, id=30328, stack(0x000000c613c00000,0x000000c613d00000)]

Other Threads:
  0x0000026d61132800 VMThread "VM Thread" [stack: 0x000000c611000000,0x000000c611100000] [id=16528]
  0x0000026d61385000 WatcherThread [stack: 0x000000c611a00000,0x000000c611b00000] [id=9584]
  0x0000026d45953000 GCTaskThread "GC Thread#0" [stack: 0x000000c610b00000,0x000000c610c00000] [id=17120]
  0x0000026d621f0800 GCTaskThread "GC Thread#1" [stack: 0x000000c611c00000,0x000000c611d00000] [id=21632]
  0x0000026d61eab000 GCTaskThread "GC Thread#2" [stack: 0x000000c611d00000,0x000000c611e00000] [id=25808]
  0x0000026d62201000 GCTaskThread "GC Thread#3" [stack: 0x000000c611e00000,0x000000c611f00000] [id=18352]
  0x0000026d62202000 GCTaskThread "GC Thread#4" [stack: 0x000000c611f00000,0x000000c612000000] [id=28048]
  0x0000026d61e5a800 GCTaskThread "GC Thread#5" [stack: 0x000000c612000000,0x000000c612100000] [id=18620]
  0x0000026d63013800 GCTaskThread "GC Thread#6" [stack: 0x000000c612d00000,0x000000c612e00000] [id=16700]
  0x0000026d6302a800 GCTaskThread "GC Thread#7" [stack: 0x000000c612e00000,0x000000c612f00000] [id=20896]
  0x0000026d4597a000 ConcurrentGCThread "G1 Main Marker" [stack: 0x000000c610c00000,0x000000c610d00000] [id=29804]
=>0x0000026d4597d000 ConcurrentGCThread "G1 Conc#0" [stack: 0x000000c610d00000,0x000000c610e00000] [id=11988]
  0x0000026d6302b000 ConcurrentGCThread "G1 Conc#1" [stack: 0x000000c612f00000,0x000000c613000000] [id=31700]
  0x0000026d45a1e000 ConcurrentGCThread "G1 Refine#0" [stack: 0x000000c610e00000,0x000000c610f00000] [id=4912]
  0x0000026d61eb8000 ConcurrentGCThread "G1 Refine#1" [stack: 0x000000c614a00000,0x000000c614b00000] [id=13424]
  0x0000026d666c9800 ConcurrentGCThread "G1 Refine#2" [stack: 0x000000c615300000,0x000000c615400000] [id=19492]
  0x0000026d666ca800 ConcurrentGCThread "G1 Refine#3" [stack: 0x000000c615500000,0x000000c615600000] [id=23804]
  0x0000026d666c8800 ConcurrentGCThread "G1 Refine#4" [stack: 0x000000c615600000,0x000000c615700000] [id=29000]
  0x0000026d60794800 ConcurrentGCThread "G1 Young RemSet Sampling" [stack: 0x000000c610f00000,0x000000c611000000] [id=28940]

Threads with active compile tasks:
C2 CompilerThread09322742 17731       4       sun.reflect.generics.parser.SignatureParser::parsePackageNameAndSimpleClassTypeSignature (119 bytes)
C2 CompilerThread19322742 17756   !   4       com.sun.tools.javac.comp.MemberEnter::visitVarDef (529 bytes)
C2 CompilerThread29322742 17817       4       com.sun.tools.javac.comp.Resolve::findField (316 bytes)

VM state:not at safepoint (normal execution)

VM Mutex/Monitor currently owned by a thread:  ([mutex/lock_event])
[0x0000026d45936430] CompiledIC_lock - owner thread: 0x0000026d6845b000

Heap address: 0x00000000a0000000, size: 1536 MB, Compressed Oops mode: 32-bit
Narrow klass base: 0x0000000000000000, Narrow klass shift: 3
Compressed class space size: 1073741824 Address: 0x0000000100000000

Heap:
 garbage-first heap   total 260096K, used 166354K [0x00000000a0000000, 0x0000000100000000)
  region size 1024K, 32 young (32768K), 9 survivors (9216K)
 Metaspace       used 105368K, capacity 108233K, committed 108844K, reserved 1144832K
  class space    used 13224K, capacity 14238K, committed 14464K, reserved 1048576K
Heap Regions: E=young(eden), S=young(survivor), O=old, HS=humongous(starts), HC=humongous(continues), CS=collection set, F=free, A=archive, TAMS=top-at-mark-start (previous, next)
|   0|0x00000000a0000000, 0x00000000a0100000, 0x00000000a0100000|100%|HS|  |TAMS 0x00000000a0100000, 0x00000000a0100000| Complete 
|   1|0x00000000a0100000, 0x00000000a0200000, 0x00000000a0200000|100%|HC|  |TAMS 0x00000000a0200000, 0x00000000a0200000| Complete 
|   2|0x00000000a0200000, 0x00000000a0300000, 0x00000000a0300000|100%| O|  |TAMS 0x00000000a0300000, 0x00000000a0300000| Untracked 
|   3|0x00000000a0300000, 0x00000000a0400000, 0x00000000a0400000|100%|HS|  |TAMS 0x00000000a0400000, 0x00000000a0400000| Complete 
|   4|0x00000000a0400000, 0x00000000a0500000, 0x00000000a0500000|100%|HC|  |TAMS 0x00000000a0500000, 0x00000000a0500000| Complete 
|   5|0x00000000a0500000, 0x00000000a0600000, 0x00000000a0600000|100%|HC|  |TAMS 0x00000000a0600000, 0x00000000a0600000| Complete 
|   6|0x00000000a0600000, 0x00000000a0700000, 0x00000000a0700000|100%| O|  |TAMS 0x00000000a0700000, 0x00000000a0700000| Untracked 
|   7|0x00000000a0700000, 0x00000000a0800000, 0x00000000a0800000|100%| O|  |TAMS 0x00000000a0800000, 0x00000000a0800000| Untracked 
|   8|0x00000000a0800000, 0x00000000a0900000, 0x00000000a0900000|100%| O|  |TAMS 0x00000000a0900000, 0x00000000a0900000| Untracked 
|   9|0x00000000a0900000, 0x00000000a0a00000, 0x00000000a0a00000|100%|HS|  |TAMS 0x00000000a0a00000, 0x00000000a0a00000| Complete 
|  10|0x00000000a0a00000, 0x00000000a0b00000, 0x00000000a0b00000|100%|HC|  |TAMS 0x00000000a0b00000, 0x00000000a0b00000| Complete 
|  11|0x00000000a0b00000, 0x00000000a0c00000, 0x00000000a0c00000|100%|HC|  |TAMS 0x00000000a0c00000, 0x00000000a0c00000| Complete 
|  12|0x00000000a0c00000, 0x00000000a0d00000, 0x00000000a0d00000|100%|HS|  |TAMS 0x00000000a0d00000, 0x00000000a0d00000| Complete 
|  13|0x00000000a0d00000, 0x00000000a0e00000, 0x00000000a0e00000|100%|HC|  |TAMS 0x00000000a0e00000, 0x00000000a0e00000| Complete 
|  14|0x00000000a0e00000, 0x00000000a0f00000, 0x00000000a0f00000|100%|HC|  |TAMS 0x00000000a0f00000, 0x00000000a0f00000| Complete 
|  15|0x00000000a0f00000, 0x00000000a1000000, 0x00000000a1000000|100%|HC|  |TAMS 0x00000000a1000000, 0x00000000a1000000| Complete 
|  16|0x00000000a1000000, 0x00000000a1100000, 0x00000000a1100000|100%| O|  |TAMS 0x00000000a1100000, 0x00000000a1100000| Untracked 
|  17|0x00000000a1100000, 0x00000000a1200000, 0x00000000a1200000|100%| O|  |TAMS 0x00000000a1200000, 0x00000000a1200000| Untracked 
|  18|0x00000000a1200000, 0x00000000a1300000, 0x00000000a1300000|100%| O|  |TAMS 0x00000000a1300000, 0x00000000a1300000| Untracked 
|  19|0x00000000a1300000, 0x00000000a1400000, 0x00000000a1400000|100%| O|  |TAMS 0x00000000a1400000, 0x00000000a1400000| Untracked 
|  20|0x00000000a1400000, 0x00000000a1500000, 0x00000000a1500000|100%| O|  |TAMS 0x00000000a1500000, 0x00000000a1500000| Untracked 
|  21|0x00000000a1500000, 0x00000000a1600000, 0x00000000a1600000|100%| O|  |TAMS 0x00000000a1600000, 0x00000000a1600000| Untracked 
|  22|0x00000000a1600000, 0x00000000a1700000, 0x00000000a1700000|100%| O|  |TAMS 0x00000000a1700000, 0x00000000a1700000| Untracked 
|  23|0x00000000a1700000, 0x00000000a1800000, 0x00000000a1800000|100%| O|  |TAMS 0x00000000a1800000, 0x00000000a1800000| Untracked 
|  24|0x00000000a1800000, 0x00000000a1900000, 0x00000000a1900000|100%| O|  |TAMS 0x00000000a1900000, 0x00000000a1900000| Untracked 
|  25|0x00000000a1900000, 0x00000000a1a00000, 0x00000000a1a00000|100%| O|  |TAMS 0x00000000a1a00000, 0x00000000a1a00000| Untracked 
|  26|0x00000000a1a00000, 0x00000000a1b00000, 0x00000000a1b00000|100%| O|  |TAMS 0x00000000a1b00000, 0x00000000a1b00000| Untracked 
|  27|0x00000000a1b00000, 0x00000000a1c00000, 0x00000000a1c00000|100%| O|  |TAMS 0x00000000a1c00000, 0x00000000a1c00000| Untracked 
|  28|0x00000000a1c00000, 0x00000000a1d00000, 0x00000000a1d00000|100%| O|  |TAMS 0x00000000a1d00000, 0x00000000a1d00000| Untracked 
|  29|0x00000000a1d00000, 0x00000000a1e00000, 0x00000000a1e00000|100%| O|  |TAMS 0x00000000a1e00000, 0x00000000a1e00000| Untracked 
|  30|0x00000000a1e00000, 0x00000000a1f00000, 0x00000000a1f00000|100%| O|  |TAMS 0x00000000a1f00000, 0x00000000a1f00000| Untracked 
|  31|0x00000000a1f00000, 0x00000000a2000000, 0x00000000a2000000|100%| O|  |TAMS 0x00000000a2000000, 0x00000000a2000000| Untracked 
|  32|0x00000000a2000000, 0x00000000a2100000, 0x00000000a2100000|100%|HS|  |TAMS 0x00000000a2100000, 0x00000000a2100000| Complete 
|  33|0x00000000a2100000, 0x00000000a2200000, 0x00000000a2200000|100%|HC|  |TAMS 0x00000000a2200000, 0x00000000a2200000| Complete 
|  34|0x00000000a2200000, 0x00000000a2300000, 0x00000000a2300000|100%| O|  |TAMS 0x00000000a2300000, 0x00000000a2300000| Untracked 
|  35|0x00000000a2300000, 0x00000000a2400000, 0x00000000a2400000|100%| O|  |TAMS 0x00000000a2400000, 0x00000000a2400000| Untracked 
|  36|0x00000000a2400000, 0x00000000a2500000, 0x00000000a2500000|100%| O|  |TAMS 0x00000000a2500000, 0x00000000a2500000| Untracked 
|  37|0x00000000a2500000, 0x00000000a2600000, 0x00000000a2600000|100%| O|  |TAMS 0x00000000a2600000, 0x00000000a2600000| Untracked 
|  38|0x00000000a2600000, 0x00000000a2700000, 0x00000000a2700000|100%| O|  |TAMS 0x00000000a2700000, 0x00000000a2700000| Untracked 
|  39|0x00000000a2700000, 0x00000000a2800000, 0x00000000a2800000|100%| O|  |TAMS 0x00000000a2800000, 0x00000000a2800000| Untracked 
|  40|0x00000000a2800000, 0x00000000a2900000, 0x00000000a2900000|100%| O|  |TAMS 0x00000000a2900000, 0x00000000a2900000| Untracked 
|  41|0x00000000a2900000, 0x00000000a2a00000, 0x00000000a2a00000|100%| O|  |TAMS 0x00000000a2a00000, 0x00000000a2a00000| Untracked 
|  42|0x00000000a2a00000, 0x00000000a2b00000, 0x00000000a2b00000|100%| O|  |TAMS 0x00000000a2b00000, 0x00000000a2b00000| Untracked 
|  43|0x00000000a2b00000, 0x00000000a2c00000, 0x00000000a2c00000|100%| O|  |TAMS 0x00000000a2c00000, 0x00000000a2c00000| Untracked 
|  44|0x00000000a2c00000, 0x00000000a2d00000, 0x00000000a2d00000|100%| O|  |TAMS 0x00000000a2d00000, 0x00000000a2d00000| Untracked 
|  45|0x00000000a2d00000, 0x00000000a2e00000, 0x00000000a2e00000|100%| O|  |TAMS 0x00000000a2d00000, 0x00000000a2e00000| Untracked 
|  46|0x00000000a2e00000, 0x00000000a2f00000, 0x00000000a2f00000|100%| O|  |TAMS 0x00000000a2f00000, 0x00000000a2f00000| Untracked 
|  47|0x00000000a2f00000, 0x00000000a3000000, 0x00000000a3000000|100%| O|  |TAMS 0x00000000a3000000, 0x00000000a3000000| Untracked 
|  48|0x00000000a3000000, 0x00000000a3100000, 0x00000000a3100000|100%| O|  |TAMS 0x00000000a3100000, 0x00000000a3100000| Untracked 
|  49|0x00000000a3100000, 0x00000000a3200000, 0x00000000a3200000|100%| O|  |TAMS 0x00000000a3100000, 0x00000000a3200000| Untracked 
|  50|0x00000000a3200000, 0x00000000a3300000, 0x00000000a3300000|100%| O|  |TAMS 0x00000000a3300000, 0x00000000a3300000| Untracked 
|  51|0x00000000a3300000, 0x00000000a3400000, 0x00000000a3400000|100%| O|  |TAMS 0x00000000a3300000, 0x00000000a3400000| Untracked 
|  52|0x00000000a3400000, 0x00000000a3500000, 0x00000000a3500000|100%| O|  |TAMS 0x00000000a3400000, 0x00000000a3500000| Untracked 
|  53|0x00000000a3500000, 0x00000000a3600000, 0x00000000a3600000|100%| O|  |TAMS 0x00000000a3600000, 0x00000000a3600000| Untracked 
|  54|0x00000000a3600000, 0x00000000a3700000, 0x00000000a3700000|100%| O|  |TAMS 0x00000000a3700000, 0x00000000a3700000| Untracked 
|  55|0x00000000a3700000, 0x00000000a3800000, 0x00000000a3800000|100%| O|  |TAMS 0x00000000a3800000, 0x00000000a3800000| Untracked 
|  56|0x00000000a3800000, 0x00000000a3900000, 0x00000000a3900000|100%| O|  |TAMS 0x00000000a3900000, 0x00000000a3900000| Untracked 
|  57|0x00000000a3900000, 0x00000000a3a00000, 0x00000000a3a00000|100%| O|  |TAMS 0x00000000a3a00000, 0x00000000a3a00000| Untracked 
|  58|0x00000000a3a00000, 0x00000000a3b00000, 0x00000000a3b00000|100%| O|  |TAMS 0x00000000a3b00000, 0x00000000a3b00000| Untracked 
|  59|0x00000000a3b00000, 0x00000000a3c00000, 0x00000000a3c00000|100%|HS|  |TAMS 0x00000000a3b00000, 0x00000000a3c00000| Complete 
|  60|0x00000000a3c00000, 0x00000000a3d00000, 0x00000000a3d00000|100%| O|  |TAMS 0x00000000a3d00000, 0x00000000a3d00000| Untracked 
|  61|0x00000000a3d00000, 0x00000000a3e00000, 0x00000000a3e00000|100%| O|  |TAMS 0x00000000a3e00000, 0x00000000a3e00000| Untracked 
|  62|0x00000000a3e00000, 0x00000000a3f00000, 0x00000000a3f00000|100%|HS|  |TAMS 0x00000000a3e00000, 0x00000000a3f00000| Complete 
|  63|0x00000000a3f00000, 0x00000000a4000000, 0x00000000a4000000|100%|HC|  |TAMS 0x00000000a3f00000, 0x00000000a4000000| Complete 
|  64|0x00000000a4000000, 0x00000000a4100000, 0x00000000a4100000|100%| O|  |TAMS 0x00000000a4000000, 0x00000000a4100000| Untracked 
|  65|0x00000000a4100000, 0x00000000a4200000, 0x00000000a4200000|100%| O|  |TAMS 0x00000000a4200000, 0x00000000a4200000| Untracked 
|  66|0x00000000a4200000, 0x00000000a4300000, 0x00000000a4300000|100%| O|  |TAMS 0x00000000a4200000, 0x00000000a4300000| Untracked 
|  67|0x00000000a4300000, 0x00000000a4400000, 0x00000000a4400000|100%| O|  |TAMS 0x00000000a4300000, 0x00000000a4400000| Untracked 
|  68|0x00000000a4400000, 0x00000000a4500000, 0x00000000a4500000|100%| O|  |TAMS 0x00000000a4400000, 0x00000000a4500000| Untracked 
|  69|0x00000000a4500000, 0x00000000a4600000, 0x00000000a4600000|100%| O|  |TAMS 0x00000000a4500000, 0x00000000a4600000| Untracked 
|  70|0x00000000a4600000, 0x00000000a4700000, 0x00000000a4700000|100%| O|  |TAMS 0x00000000a4600000, 0x00000000a4700000| Untracked 
|  71|0x00000000a4700000, 0x00000000a4800000, 0x00000000a4800000|100%| O|  |TAMS 0x00000000a4700000, 0x00000000a4800000| Untracked 
|  72|0x00000000a4800000, 0x00000000a4900000, 0x00000000a4900000|100%|HS|  |TAMS 0x00000000a4800000, 0x00000000a4900000| Complete 
|  73|0x00000000a4900000, 0x00000000a4a00000, 0x00000000a4a00000|100%|HC|  |TAMS 0x00000000a4900000, 0x00000000a4a00000| Complete 
|  74|0x00000000a4a00000, 0x00000000a4b00000, 0x00000000a4b00000|100%| O|  |TAMS 0x00000000a4a00000, 0x00000000a4b00000| Untracked 
|  75|0x00000000a4b00000, 0x00000000a4c00000, 0x00000000a4c00000|100%| O|  |TAMS 0x00000000a4b00000, 0x00000000a4c00000| Untracked 
|  76|0x00000000a4c00000, 0x00000000a4d00000, 0x00000000a4d00000|100%| O|  |TAMS 0x00000000a4c00000, 0x00000000a4d00000| Untracked 
|  77|0x00000000a4d00000, 0x00000000a4e00000, 0x00000000a4e00000|100%| O|  |TAMS 0x00000000a4e00000, 0x00000000a4e00000| Untracked 
|  78|0x00000000a4e00000, 0x00000000a4f00000, 0x00000000a4f00000|100%| O|  |TAMS 0x00000000a4f00000, 0x00000000a4f00000| Untracked 
|  79|0x00000000a4f00000, 0x00000000a5000000, 0x00000000a5000000|100%| O|  |TAMS 0x00000000a5000000, 0x00000000a5000000| Untracked 
|  80|0x00000000a5000000, 0x00000000a5100000, 0x00000000a5100000|100%| O|  |TAMS 0x00000000a5100000, 0x00000000a5100000| Untracked 
|  81|0x00000000a5100000, 0x00000000a5200000, 0x00000000a5200000|100%| O|  |TAMS 0x00000000a5200000, 0x00000000a5200000| Untracked 
|  82|0x00000000a5200000, 0x00000000a5300000, 0x00000000a5300000|100%| O|  |TAMS 0x00000000a5300000, 0x00000000a5300000| Untracked 
|  83|0x00000000a5300000, 0x00000000a5400000, 0x00000000a5400000|100%| O|  |TAMS 0x00000000a5300000, 0x00000000a5400000| Untracked 
|  84|0x00000000a5400000, 0x00000000a5500000, 0x00000000a5500000|100%| O|  |TAMS 0x00000000a5400000, 0x00000000a5500000| Untracked 
|  85|0x00000000a5500000, 0x00000000a5600000, 0x00000000a5600000|100%| O|  |TAMS 0x00000000a5600000, 0x00000000a5600000| Untracked 
|  86|0x00000000a5600000, 0x00000000a5700000, 0x00000000a5700000|100%| O|  |TAMS 0x00000000a5700000, 0x00000000a5700000| Untracked 
|  87|0x00000000a5700000, 0x00000000a5800000, 0x00000000a5800000|100%| O|  |TAMS 0x00000000a5700000, 0x00000000a5800000| Untracked 
|  88|0x00000000a5800000, 0x00000000a5900000, 0x00000000a5900000|100%| O|  |TAMS 0x00000000a5800000, 0x00000000a5900000| Untracked 
|  89|0x00000000a5900000, 0x00000000a5a00000, 0x00000000a5a00000|100%| O|  |TAMS 0x00000000a5900000, 0x00000000a5a00000| Untracked 
|  90|0x00000000a5a00000, 0x00000000a5b00000, 0x00000000a5b00000|100%| O|  |TAMS 0x00000000a5a00000, 0x00000000a5b00000| Untracked 
|  91|0x00000000a5b00000, 0x00000000a5c00000, 0x00000000a5c00000|100%| O|  |TAMS 0x00000000a5b00000, 0x00000000a5c00000| Untracked 
|  92|0x00000000a5c00000, 0x00000000a5d00000, 0x00000000a5d00000|100%| O|  |TAMS 0x00000000a5c00000, 0x00000000a5d00000| Untracked 
|  93|0x00000000a5d00000, 0x00000000a5e00000, 0x00000000a5e00000|100%| O|  |TAMS 0x00000000a5d00000, 0x00000000a5e00000| Untracked 
|  94|0x00000000a5e00000, 0x00000000a5f00000, 0x00000000a5f00000|100%| O|  |TAMS 0x00000000a5e00000, 0x00000000a5f00000| Untracked 
|  95|0x00000000a5f00000, 0x00000000a6000000, 0x00000000a6000000|100%| O|  |TAMS 0x00000000a5f00000, 0x00000000a6000000| Untracked 
|  96|0x00000000a6000000, 0x00000000a6100000, 0x00000000a6100000|100%| O|  |TAMS 0x00000000a6000000, 0x00000000a6100000| Untracked 
|  97|0x00000000a6100000, 0x00000000a6200000, 0x00000000a6200000|100%| O|  |TAMS 0x00000000a6100000, 0x00000000a6200000| Untracked 
|  98|0x00000000a6200000, 0x00000000a6300000, 0x00000000a6300000|100%| O|  |TAMS 0x00000000a6200000, 0x00000000a6300000| Untracked 
|  99|0x00000000a6300000, 0x00000000a6400000, 0x00000000a6400000|100%| O|  |TAMS 0x00000000a6300000, 0x00000000a6400000| Untracked 
| 100|0x00000000a6400000, 0x00000000a6500000, 0x00000000a6500000|100%| O|  |TAMS 0x00000000a6400000, 0x00000000a6500000| Untracked 
| 101|0x00000000a6500000, 0x00000000a6600000, 0x00000000a6600000|100%| O|  |TAMS 0x00000000a6500000, 0x00000000a6600000| Untracked 
| 102|0x00000000a6600000, 0x00000000a6700000, 0x00000000a6700000|100%| O|  |TAMS 0x00000000a6600000, 0x00000000a6700000| Untracked 
| 103|0x00000000a6700000, 0x00000000a6800000, 0x00000000a6800000|100%| O|  |TAMS 0x00000000a6700000, 0x00000000a6800000| Untracked 
| 104|0x00000000a6800000, 0x00000000a6900000, 0x00000000a6900000|100%| O|  |TAMS 0x00000000a6800000, 0x00000000a6900000| Untracked 
| 105|0x00000000a6900000, 0x00000000a6a00000, 0x00000000a6a00000|100%| O|  |TAMS 0x00000000a6900000, 0x00000000a6a00000| Untracked 
| 106|0x00000000a6a00000, 0x00000000a6b00000, 0x00000000a6b00000|100%| O|  |TAMS 0x00000000a6b00000, 0x00000000a6b00000| Untracked 
| 107|0x00000000a6b00000, 0x00000000a6c00000, 0x00000000a6c00000|100%| O|  |TAMS 0x00000000a6c00000, 0x00000000a6c00000| Untracked 
| 108|0x00000000a6c00000, 0x00000000a6d00000, 0x00000000a6d00000|100%| O|  |TAMS 0x00000000a6d00000, 0x00000000a6d00000| Untracked 
| 109|0x00000000a6d00000, 0x00000000a6e00000, 0x00000000a6e00000|100%| O|  |TAMS 0x00000000a6e00000, 0x00000000a6e00000| Untracked 
| 110|0x00000000a6e00000, 0x00000000a6f00000, 0x00000000a6f00000|100%| O|  |TAMS 0x00000000a6f00000, 0x00000000a6f00000| Untracked 
| 111|0x00000000a6f00000, 0x00000000a7000000, 0x00000000a7000000|100%| O|  |TAMS 0x00000000a7000000, 0x00000000a7000000| Untracked 
| 112|0x00000000a7000000, 0x00000000a7100000, 0x00000000a7100000|100%| O|  |TAMS 0x00000000a7000000, 0x00000000a7100000| Untracked 
| 113|0x00000000a7100000, 0x00000000a7200000, 0x00000000a7200000|100%| O|  |TAMS 0x00000000a7100000, 0x00000000a7200000| Untracked 
| 114|0x00000000a7200000, 0x00000000a7300000, 0x00000000a7300000|100%| O|  |TAMS 0x00000000a7300000, 0x00000000a7300000| Untracked 
| 115|0x00000000a7300000, 0x00000000a7400000, 0x00000000a7400000|100%| O|  |TAMS 0x00000000a7400000, 0x00000000a7400000| Untracked 
| 116|0x00000000a7400000, 0x00000000a7500000, 0x00000000a7500000|100%| O|  |TAMS 0x00000000a7500000, 0x00000000a7500000| Untracked 
| 117|0x00000000a7500000, 0x00000000a7600000, 0x00000000a7600000|100%| O|  |TAMS 0x00000000a7600000, 0x00000000a7600000| Untracked 
| 118|0x00000000a7600000, 0x00000000a7700000, 0x00000000a7700000|100%| O|  |TAMS 0x00000000a7700000, 0x00000000a7700000| Untracked 
| 119|0x00000000a7700000, 0x00000000a7800000, 0x00000000a7800000|100%| O|  |TAMS 0x00000000a7800000, 0x00000000a7800000| Untracked 
| 120|0x00000000a7800000, 0x00000000a7900000, 0x00000000a7900000|100%| O|  |TAMS 0x00000000a7900000, 0x00000000a7900000| Untracked 
| 121|0x00000000a7900000, 0x00000000a7a00000, 0x00000000a7a00000|100%| O|  |TAMS 0x00000000a7a00000, 0x00000000a7a00000| Untracked 
| 122|0x00000000a7a00000, 0x00000000a7b00000, 0x00000000a7b00000|100%| O|  |TAMS 0x00000000a7b00000, 0x00000000a7b00000| Untracked 
| 123|0x00000000a7b00000, 0x00000000a7c00000, 0x00000000a7c00000|100%| O|  |TAMS 0x00000000a7c00000, 0x00000000a7c00000| Untracked 
| 124|0x00000000a7c00000, 0x00000000a7d00000, 0x00000000a7d00000|100%| O|  |TAMS 0x00000000a7d00000, 0x00000000a7d00000| Untracked 
| 125|0x00000000a7d00000, 0x00000000a7e00000, 0x00000000a7e00000|100%| O|  |TAMS 0x00000000a7e00000, 0x00000000a7e00000| Untracked 
| 126|0x00000000a7e00000, 0x00000000a7f00000, 0x00000000a7f00000|100%| O|  |TAMS 0x00000000a7e70200, 0x00000000a7f00000| Untracked 
| 127|0x00000000a7f00000, 0x00000000a8000000, 0x00000000a8000000|100%| O|  |TAMS 0x00000000a7f00000, 0x00000000a8000000| Untracked 
| 128|0x00000000a8000000, 0x00000000a8100000, 0x00000000a8100000|100%| O|  |TAMS 0x00000000a8000000, 0x00000000a8100000| Untracked 
| 129|0x00000000a8100000, 0x00000000a8200000, 0x00000000a8200000|100%| O|  |TAMS 0x00000000a8100000, 0x00000000a8200000| Untracked 
| 130|0x00000000a8200000, 0x00000000a8300000, 0x00000000a8300000|100%| O|  |TAMS 0x00000000a8200000, 0x00000000a8300000| Untracked 
| 131|0x00000000a8300000, 0x00000000a8374a00, 0x00000000a8400000| 45%| O|  |TAMS 0x00000000a8300000, 0x00000000a8374a00| Untracked 
| 132|0x00000000a8400000, 0x00000000a8400000, 0x00000000a8500000|  0%| F|  |TAMS 0x00000000a8400000, 0x00000000a8400000| Untracked 
| 133|0x00000000a8500000, 0x00000000a8500000, 0x00000000a8600000|  0%| F|  |TAMS 0x00000000a8500000, 0x00000000a8500000| Untracked 
| 134|0x00000000a8600000, 0x00000000a8600000, 0x00000000a8700000|  0%| F|  |TAMS 0x00000000a8600000, 0x00000000a8600000| Untracked 
| 135|0x00000000a8700000, 0x00000000a8700000, 0x00000000a8800000|  0%| F|  |TAMS 0x00000000a8700000, 0x00000000a8700000| Untracked 
| 136|0x00000000a8800000, 0x00000000a8800000, 0x00000000a8900000|  0%| F|  |TAMS 0x00000000a8800000, 0x00000000a8800000| Untracked 
| 137|0x00000000a8900000, 0x00000000a8900000, 0x00000000a8a00000|  0%| F|  |TAMS 0x00000000a8900000, 0x00000000a8900000| Untracked 
| 138|0x00000000a8a00000, 0x00000000a8a00000, 0x00000000a8b00000|  0%| F|  |TAMS 0x00000000a8a00000, 0x00000000a8a00000| Untracked 
| 139|0x00000000a8b00000, 0x00000000a8b00000, 0x00000000a8c00000|  0%| F|  |TAMS 0x00000000a8b00000, 0x00000000a8b00000| Untracked 
| 140|0x00000000a8c00000, 0x00000000a8c00000, 0x00000000a8d00000|  0%| F|  |TAMS 0x00000000a8c00000, 0x00000000a8c00000| Untracked 
| 141|0x00000000a8d00000, 0x00000000a8d00000, 0x00000000a8e00000|  0%| F|  |TAMS 0x00000000a8d00000, 0x00000000a8d00000| Untracked 
| 142|0x00000000a8e00000, 0x00000000a8e00000, 0x00000000a8f00000|  0%| F|  |TAMS 0x00000000a8e00000, 0x00000000a8e00000| Untracked 
| 143|0x00000000a8f00000, 0x00000000a8f00000, 0x00000000a9000000|  0%| F|  |TAMS 0x00000000a8f00000, 0x00000000a8f00000| Untracked 
| 144|0x00000000a9000000, 0x00000000a9000000, 0x00000000a9100000|  0%| F|  |TAMS 0x00000000a9000000, 0x00000000a9000000| Untracked 
| 145|0x00000000a9100000, 0x00000000a9100000, 0x00000000a9200000|  0%| F|  |TAMS 0x00000000a9100000, 0x00000000a9100000| Untracked 
| 146|0x00000000a9200000, 0x00000000a9200000, 0x00000000a9300000|  0%| F|  |TAMS 0x00000000a9200000, 0x00000000a9200000| Untracked 
| 147|0x00000000a9300000, 0x00000000a9300000, 0x00000000a9400000|  0%| F|  |TAMS 0x00000000a9300000, 0x00000000a9300000| Untracked 
| 148|0x00000000a9400000, 0x00000000a9400000, 0x00000000a9500000|  0%| F|  |TAMS 0x00000000a9400000, 0x00000000a9400000| Untracked 
| 149|0x00000000a9500000, 0x00000000a9500000, 0x00000000a9600000|  0%| F|  |TAMS 0x00000000a9500000, 0x00000000a9500000| Untracked 
| 150|0x00000000a9600000, 0x00000000a9600000, 0x00000000a9700000|  0%| F|  |TAMS 0x00000000a9600000, 0x00000000a9600000| Untracked 
| 151|0x00000000a9700000, 0x00000000a9700000, 0x00000000a9800000|  0%| F|  |TAMS 0x00000000a9700000, 0x00000000a9700000| Untracked 
| 152|0x00000000a9800000, 0x00000000a9800000, 0x00000000a9900000|  0%| F|  |TAMS 0x00000000a9800000, 0x00000000a9800000| Untracked 
| 153|0x00000000a9900000, 0x00000000a9900000, 0x00000000a9a00000|  0%| F|  |TAMS 0x00000000a9900000, 0x00000000a9900000| Untracked 
| 154|0x00000000a9a00000, 0x00000000a9a00000, 0x00000000a9b00000|  0%| F|  |TAMS 0x00000000a9a00000, 0x00000000a9a00000| Untracked 
| 155|0x00000000a9b00000, 0x00000000a9b00000, 0x00000000a9c00000|  0%| F|  |TAMS 0x00000000a9b00000, 0x00000000a9b00000| Untracked 
| 156|0x00000000a9c00000, 0x00000000a9c00000, 0x00000000a9d00000|  0%| F|  |TAMS 0x00000000a9c00000, 0x00000000a9c00000| Untracked 
| 157|0x00000000a9d00000, 0x00000000a9d00000, 0x00000000a9e00000|  0%| F|  |TAMS 0x00000000a9d00000, 0x00000000a9d00000| Untracked 
| 158|0x00000000a9e00000, 0x00000000a9e00000, 0x00000000a9f00000|  0%| F|  |TAMS 0x00000000a9e00000, 0x00000000a9e00000| Untracked 
| 159|0x00000000a9f00000, 0x00000000a9f00000, 0x00000000aa000000|  0%| F|  |TAMS 0x00000000a9f00000, 0x00000000a9f00000| Untracked 
| 160|0x00000000aa000000, 0x00000000aa000000, 0x00000000aa100000|  0%| F|  |TAMS 0x00000000aa000000, 0x00000000aa000000| Untracked 
| 161|0x00000000aa100000, 0x00000000aa100000, 0x00000000aa200000|  0%| F|  |TAMS 0x00000000aa100000, 0x00000000aa100000| Untracked 
| 162|0x00000000aa200000, 0x00000000aa200000, 0x00000000aa300000|  0%| F|  |TAMS 0x00000000aa200000, 0x00000000aa200000| Untracked 
| 163|0x00000000aa300000, 0x00000000aa300000, 0x00000000aa400000|  0%| F|  |TAMS 0x00000000aa300000, 0x00000000aa300000| Untracked 
| 164|0x00000000aa400000, 0x00000000aa400000, 0x00000000aa500000|  0%| F|  |TAMS 0x00000000aa400000, 0x00000000aa400000| Untracked 
| 165|0x00000000aa500000, 0x00000000aa500000, 0x00000000aa600000|  0%| F|  |TAMS 0x00000000aa500000, 0x00000000aa500000| Untracked 
| 166|0x00000000aa600000, 0x00000000aa600000, 0x00000000aa700000|  0%| F|  |TAMS 0x00000000aa600000, 0x00000000aa600000| Untracked 
| 167|0x00000000aa700000, 0x00000000aa700000, 0x00000000aa800000|  0%| F|  |TAMS 0x00000000aa700000, 0x00000000aa700000| Untracked 
| 168|0x00000000aa800000, 0x00000000aa800000, 0x00000000aa900000|  0%| F|  |TAMS 0x00000000aa800000, 0x00000000aa800000| Untracked 
| 169|0x00000000aa900000, 0x00000000aa900000, 0x00000000aaa00000|  0%| F|  |TAMS 0x00000000aa900000, 0x00000000aa900000| Untracked 
| 170|0x00000000aaa00000, 0x00000000aaa00000, 0x00000000aab00000|  0%| F|  |TAMS 0x00000000aaa00000, 0x00000000aaa00000| Untracked 
| 171|0x00000000aab00000, 0x00000000aab00000, 0x00000000aac00000|  0%| F|  |TAMS 0x00000000aab00000, 0x00000000aab00000| Untracked 
| 172|0x00000000aac00000, 0x00000000aac00000, 0x00000000aad00000|  0%| F|  |TAMS 0x00000000aac00000, 0x00000000aac00000| Untracked 
| 173|0x00000000aad00000, 0x00000000aad00000, 0x00000000aae00000|  0%| F|  |TAMS 0x00000000aad00000, 0x00000000aad00000| Untracked 
| 174|0x00000000aae00000, 0x00000000aae00000, 0x00000000aaf00000|  0%| F|  |TAMS 0x00000000aae00000, 0x00000000aae00000| Untracked 
| 175|0x00000000aaf00000, 0x00000000aaf00000, 0x00000000ab000000|  0%| F|  |TAMS 0x00000000aaf00000, 0x00000000aaf00000| Untracked 
| 176|0x00000000ab000000, 0x00000000ab000000, 0x00000000ab100000|  0%| F|  |TAMS 0x00000000ab000000, 0x00000000ab000000| Untracked 
| 177|0x00000000ab100000, 0x00000000ab100000, 0x00000000ab200000|  0%| F|  |TAMS 0x00000000ab100000, 0x00000000ab100000| Untracked 
| 178|0x00000000ab200000, 0x00000000ab200000, 0x00000000ab300000|  0%| F|  |TAMS 0x00000000ab200000, 0x00000000ab200000| Untracked 
| 179|0x00000000ab300000, 0x00000000ab300000, 0x00000000ab400000|  0%| F|  |TAMS 0x00000000ab300000, 0x00000000ab300000| Untracked 
| 180|0x00000000ab400000, 0x00000000ab400000, 0x00000000ab500000|  0%| F|  |TAMS 0x00000000ab400000, 0x00000000ab400000| Untracked 
| 181|0x00000000ab500000, 0x00000000ab500000, 0x00000000ab600000|  0%| F|  |TAMS 0x00000000ab500000, 0x00000000ab500000| Untracked 
| 182|0x00000000ab600000, 0x00000000ab600000, 0x00000000ab700000|  0%| F|  |TAMS 0x00000000ab600000, 0x00000000ab600000| Untracked 
| 183|0x00000000ab700000, 0x00000000ab700000, 0x00000000ab800000|  0%| F|  |TAMS 0x00000000ab700000, 0x00000000ab700000| Untracked 
| 184|0x00000000ab800000, 0x00000000ab800000, 0x00000000ab900000|  0%| F|  |TAMS 0x00000000ab800000, 0x00000000ab800000| Untracked 
| 185|0x00000000ab900000, 0x00000000ab900000, 0x00000000aba00000|  0%| F|  |TAMS 0x00000000ab900000, 0x00000000ab900000| Untracked 
| 186|0x00000000aba00000, 0x00000000aba00000, 0x00000000abb00000|  0%| F|  |TAMS 0x00000000aba00000, 0x00000000aba00000| Untracked 
| 187|0x00000000abb00000, 0x00000000abb00000, 0x00000000abc00000|  0%| F|  |TAMS 0x00000000abb00000, 0x00000000abb00000| Untracked 
| 188|0x00000000abc00000, 0x00000000abc00000, 0x00000000abd00000|  0%| F|  |TAMS 0x00000000abc00000, 0x00000000abc00000| Untracked 
| 189|0x00000000abd00000, 0x00000000abe00000, 0x00000000abe00000|100%| S|CS|TAMS 0x00000000abd00000, 0x00000000abd00000| Complete 
| 190|0x00000000abe00000, 0x00000000abf00000, 0x00000000abf00000|100%| S|CS|TAMS 0x00000000abe00000, 0x00000000abe00000| Complete 
| 191|0x00000000abf00000, 0x00000000ac000000, 0x00000000ac000000|100%| S|CS|TAMS 0x00000000abf00000, 0x00000000abf00000| Complete 
| 192|0x00000000ac000000, 0x00000000ac100000, 0x00000000ac100000|100%| S|CS|TAMS 0x00000000ac000000, 0x00000000ac000000| Complete 
| 193|0x00000000ac100000, 0x00000000ac200000, 0x00000000ac200000|100%| S|CS|TAMS 0x00000000ac100000, 0x00000000ac100000| Complete 
| 194|0x00000000ac200000, 0x00000000ac300000, 0x00000000ac300000|100%| S|CS|TAMS 0x00000000ac200000, 0x00000000ac200000| Complete 
| 195|0x00000000ac300000, 0x00000000ac400000, 0x00000000ac400000|100%| S|CS|TAMS 0x00000000ac300000, 0x00000000ac300000| Complete 
| 196|0x00000000ac400000, 0x00000000ac500000, 0x00000000ac500000|100%| S|CS|TAMS 0x00000000ac400000, 0x00000000ac400000| Complete 
| 197|0x00000000ac500000, 0x00000000ac600000, 0x00000000ac600000|100%| S|CS|TAMS 0x00000000ac500000, 0x00000000ac500000| Complete 
| 198|0x00000000ac600000, 0x00000000ac600000, 0x00000000ac700000|  0%| F|  |TAMS 0x00000000ac600000, 0x00000000ac600000| Untracked 
| 199|0x00000000ac700000, 0x00000000ac700000, 0x00000000ac800000|  0%| F|  |TAMS 0x00000000ac700000, 0x00000000ac700000| Untracked 
| 200|0x00000000ac800000, 0x00000000ac800000, 0x00000000ac900000|  0%| F|  |TAMS 0x00000000ac800000, 0x00000000ac800000| Untracked 
| 201|0x00000000ac900000, 0x00000000ac900000, 0x00000000aca00000|  0%| F|  |TAMS 0x00000000ac900000, 0x00000000ac900000| Untracked 
| 202|0x00000000aca00000, 0x00000000aca00000, 0x00000000acb00000|  0%| F|  |TAMS 0x00000000aca00000, 0x00000000aca00000| Untracked 
| 203|0x00000000acb00000, 0x00000000acb00000, 0x00000000acc00000|  0%| F|  |TAMS 0x00000000acb00000, 0x00000000acb00000| Untracked 
| 204|0x00000000acc00000, 0x00000000acc00000, 0x00000000acd00000|  0%| F|  |TAMS 0x00000000acc00000, 0x00000000acc00000| Untracked 
| 205|0x00000000acd00000, 0x00000000acd00000, 0x00000000ace00000|  0%| F|  |TAMS 0x00000000acd00000, 0x00000000acd00000| Untracked 
| 206|0x00000000ace00000, 0x00000000ace00000, 0x00000000acf00000|  0%| F|  |TAMS 0x00000000ace00000, 0x00000000ace00000| Untracked 
| 207|0x00000000acf00000, 0x00000000acf00000, 0x00000000ad000000|  0%| F|  |TAMS 0x00000000acf00000, 0x00000000acf00000| Untracked 
| 208|0x00000000ad000000, 0x00000000ad000000, 0x00000000ad100000|  0%| F|  |TAMS 0x00000000ad000000, 0x00000000ad000000| Untracked 
| 209|0x00000000ad100000, 0x00000000ad100000, 0x00000000ad200000|  0%| F|  |TAMS 0x00000000ad100000, 0x00000000ad100000| Untracked 
| 210|0x00000000ad200000, 0x00000000ad200000, 0x00000000ad300000|  0%| F|  |TAMS 0x00000000ad200000, 0x00000000ad200000| Untracked 
| 211|0x00000000ad300000, 0x00000000ad300000, 0x00000000ad400000|  0%| F|  |TAMS 0x00000000ad300000, 0x00000000ad300000| Untracked 
| 212|0x00000000ad400000, 0x00000000ad400000, 0x00000000ad500000|  0%| F|  |TAMS 0x00000000ad400000, 0x00000000ad400000| Untracked 
| 213|0x00000000ad500000, 0x00000000ad500000, 0x00000000ad600000|  0%| F|  |TAMS 0x00000000ad500000, 0x00000000ad500000| Untracked 
| 214|0x00000000ad600000, 0x00000000ad600000, 0x00000000ad700000|  0%| F|  |TAMS 0x00000000ad600000, 0x00000000ad600000| Untracked 
| 215|0x00000000ad700000, 0x00000000ad700000, 0x00000000ad800000|  0%| F|  |TAMS 0x00000000ad700000, 0x00000000ad700000| Untracked 
| 216|0x00000000ad800000, 0x00000000ad800000, 0x00000000ad900000|  0%| F|  |TAMS 0x00000000ad800000, 0x00000000ad800000| Untracked 
| 217|0x00000000ad900000, 0x00000000ad900000, 0x00000000ada00000|  0%| F|  |TAMS 0x00000000ad900000, 0x00000000ad900000| Untracked 
| 218|0x00000000ada00000, 0x00000000ada00000, 0x00000000adb00000|  0%| F|  |TAMS 0x00000000ada00000, 0x00000000ada00000| Untracked 
| 219|0x00000000adb00000, 0x00000000adb00000, 0x00000000adc00000|  0%| F|  |TAMS 0x00000000adb00000, 0x00000000adb00000| Untracked 
| 220|0x00000000adc00000, 0x00000000adc00000, 0x00000000add00000|  0%| F|  |TAMS 0x00000000adc00000, 0x00000000adc00000| Untracked 
| 221|0x00000000add00000, 0x00000000add00000, 0x00000000ade00000|  0%| F|  |TAMS 0x00000000add00000, 0x00000000add00000| Untracked 
| 222|0x00000000ade00000, 0x00000000ade00000, 0x00000000adf00000|  0%| F|  |TAMS 0x00000000ade00000, 0x00000000ade00000| Untracked 
| 223|0x00000000adf00000, 0x00000000adf00000, 0x00000000ae000000|  0%| F|  |TAMS 0x00000000adf00000, 0x00000000adf00000| Untracked 
| 224|0x00000000ae000000, 0x00000000ae000000, 0x00000000ae100000|  0%| F|  |TAMS 0x00000000ae000000, 0x00000000ae000000| Untracked 
| 225|0x00000000ae100000, 0x00000000ae100000, 0x00000000ae200000|  0%| F|  |TAMS 0x00000000ae100000, 0x00000000ae100000| Untracked 
| 226|0x00000000ae200000, 0x00000000ae200000, 0x00000000ae300000|  0%| F|  |TAMS 0x00000000ae200000, 0x00000000ae200000| Untracked 
| 227|0x00000000ae300000, 0x00000000ae300000, 0x00000000ae400000|  0%| F|  |TAMS 0x00000000ae300000, 0x00000000ae300000| Untracked 
| 228|0x00000000ae400000, 0x00000000ae400000, 0x00000000ae500000|  0%| F|  |TAMS 0x00000000ae400000, 0x00000000ae400000| Untracked 
| 229|0x00000000ae500000, 0x00000000ae500000, 0x00000000ae600000|  0%| F|  |TAMS 0x00000000ae500000, 0x00000000ae500000| Untracked 
| 230|0x00000000ae600000, 0x00000000ae600000, 0x00000000ae700000|  0%| F|  |TAMS 0x00000000ae600000, 0x00000000ae600000| Untracked 
| 231|0x00000000ae700000, 0x00000000ae800000, 0x00000000ae800000|100%| E|  |TAMS 0x00000000ae700000, 0x00000000ae700000| Complete 
| 232|0x00000000ae800000, 0x00000000ae900000, 0x00000000ae900000|100%| E|CS|TAMS 0x00000000ae800000, 0x00000000ae800000| Complete 
| 233|0x00000000ae900000, 0x00000000aea00000, 0x00000000aea00000|100%| E|CS|TAMS 0x00000000ae900000, 0x00000000ae900000| Complete 
| 234|0x00000000aea00000, 0x00000000aeb00000, 0x00000000aeb00000|100%| E|CS|TAMS 0x00000000aea00000, 0x00000000aea00000| Complete 
| 235|0x00000000aeb00000, 0x00000000aec00000, 0x00000000aec00000|100%| E|CS|TAMS 0x00000000aeb00000, 0x00000000aeb00000| Complete 
| 236|0x00000000aec00000, 0x00000000aed00000, 0x00000000aed00000|100%| E|CS|TAMS 0x00000000aec00000, 0x00000000aec00000| Complete 
| 237|0x00000000aed00000, 0x00000000aee00000, 0x00000000aee00000|100%| E|CS|TAMS 0x00000000aed00000, 0x00000000aed00000| Complete 
| 238|0x00000000aee00000, 0x00000000aef00000, 0x00000000aef00000|100%| E|CS|TAMS 0x00000000aee00000, 0x00000000aee00000| Complete 
| 239|0x00000000aef00000, 0x00000000af000000, 0x00000000af000000|100%| E|CS|TAMS 0x00000000aef00000, 0x00000000aef00000| Complete 
| 240|0x00000000af000000, 0x00000000af100000, 0x00000000af100000|100%| E|CS|TAMS 0x00000000af000000, 0x00000000af000000| Complete 
| 241|0x00000000af100000, 0x00000000af200000, 0x00000000af200000|100%| E|CS|TAMS 0x00000000af100000, 0x00000000af100000| Complete 
| 242|0x00000000af200000, 0x00000000af300000, 0x00000000af300000|100%| E|CS|TAMS 0x00000000af200000, 0x00000000af200000| Complete 
| 243|0x00000000af300000, 0x00000000af400000, 0x00000000af400000|100%| E|CS|TAMS 0x00000000af300000, 0x00000000af300000| Complete 
| 244|0x00000000af400000, 0x00000000af500000, 0x00000000af500000|100%| E|CS|TAMS 0x00000000af400000, 0x00000000af400000| Complete 
| 245|0x00000000af500000, 0x00000000af600000, 0x00000000af600000|100%| E|CS|TAMS 0x00000000af500000, 0x00000000af500000| Complete 
| 246|0x00000000af600000, 0x00000000af700000, 0x00000000af700000|100%| E|CS|TAMS 0x00000000af600000, 0x00000000af600000| Complete 
| 247|0x00000000af700000, 0x00000000af800000, 0x00000000af800000|100%| E|CS|TAMS 0x00000000af700000, 0x00000000af700000| Complete 
| 248|0x00000000af800000, 0x00000000af900000, 0x00000000af900000|100%| E|CS|TAMS 0x00000000af800000, 0x00000000af800000| Complete 
| 249|0x00000000af900000, 0x00000000afa00000, 0x00000000afa00000|100%| E|CS|TAMS 0x00000000af900000, 0x00000000af900000| Complete 
| 250|0x00000000afa00000, 0x00000000afb00000, 0x00000000afb00000|100%| E|CS|TAMS 0x00000000afa00000, 0x00000000afa00000| Complete 
| 251|0x00000000afb00000, 0x00000000afc00000, 0x00000000afc00000|100%| E|CS|TAMS 0x00000000afb00000, 0x00000000afb00000| Complete 
| 252|0x00000000afc00000, 0x00000000afd00000, 0x00000000afd00000|100%| E|CS|TAMS 0x00000000afc00000, 0x00000000afc00000| Complete 
| 253|0x00000000afd00000, 0x00000000afe00000, 0x00000000afe00000|100%| E|CS|TAMS 0x00000000afd00000, 0x00000000afd00000| Complete 

Card table byte_map: [0x0000026d5a840000,0x0000026d5ab40000] _byte_map_base: 0x0000026d5a340000

Marking Bits (Prev, Next): (CMBitMap*) 0x0000026d45973010, (CMBitMap*) 0x0000026d45972fd8
 Prev Bits: [0x0000026d5c640000, 0x0000026d5de40000)
 Next Bits: [0x0000026d5ae40000, 0x0000026d5c640000)

Polling page: 0x0000026d45a20000

Metaspace:

Usage:
  Non-class:     91.79 MB capacity,    89.99 MB ( 98%) used,     1.51 MB (  2%) free+waste,   301.81 KB ( <1%) overhead. 
      Class:     13.90 MB capacity,    12.91 MB ( 93%) used,   880.05 KB (  6%) free+waste,   133.94 KB ( <1%) overhead. 
       Both:    105.70 MB capacity,   102.90 MB ( 97%) used,     2.37 MB (  2%) free+waste,   435.75 KB ( <1%) overhead. 

Virtual space:
  Non-class space:       94.00 MB reserved,      92.17 MB ( 98%) committed 
      Class space:        1.00 GB reserved,      14.13 MB (  1%) committed 
             Both:        1.09 GB reserved,     106.29 MB ( 10%) committed 

Chunk freelists:
   Non-Class:  257.00 KB
       Class:  130.00 KB
        Both:  387.00 KB

MaxMetaspaceSize: 17179869184.00 GB
CompressedClassSpaceSize: 1.00 GB

CodeHeap 'non-profiled nmethods': size=120000Kb used=10283Kb max_used=11155Kb free=109716Kb
 bounds [0x0000026d525b0000, 0x0000026d530a0000, 0x0000026d59ae0000]
CodeHeap 'profiled nmethods': size=120000Kb used=34176Kb max_used=35823Kb free=85823Kb
 bounds [0x0000026d4b080000, 0x0000026d4d3a0000, 0x0000026d525b0000]
CodeHeap 'non-nmethods': size=5760Kb used=2305Kb max_used=2372Kb free=3454Kb
 bounds [0x0000026d4aae0000, 0x0000026d4ad50000, 0x0000026d4b080000]
 total_blobs=16360 nmethods=15442 adapters=824
 compilation: enabled
              stopped_count=0, restarted_count=0
 full_count=0

Compilation events (20 events):
Event: 9322.709 Thread 0x0000026d611d5000 17837       3       com.sun.tools.javac.jvm.ClassReader$AnnotationDeproxy::visitCompoundAnnotationProxy (10 bytes)
Event: 9322.709 Thread 0x0000026d611d5000 nmethod 17837 0x0000026d4b77b510 code [0x0000026d4b77b6c0, 0x0000026d4b77b8c8]
Event: 9322.710 Thread 0x0000026d611d5000 17839       3       com.sun.tools.javac.code.Type$StructuralTypeMapping::visitClassType (7 bytes)
Event: 9322.710 Thread 0x0000026d611d5000 nmethod 17839 0x0000026d4b75b190 code [0x0000026d4b75b340, 0x0000026d4b75b4e8]
Event: 9322.710 Thread 0x0000026d611d5000 17840       3       java.util.EnumMap::<init> (35 bytes)
Event: 9322.711 Thread 0x0000026d611d5000 nmethod 17840 0x0000026d4b9b4110 code [0x0000026d4b9b4320, 0x0000026d4b9b4928]
Event: 9322.711 Thread 0x0000026d611d5000 17842       3       com.sun.tools.javac.comp.Infer$IncorporationAction::<init> (20 bytes)
Event: 9322.711 Thread 0x0000026d611d5000 nmethod 17842 0x0000026d4b798310 code [0x0000026d4b7984c0, 0x0000026d4b798738]
Event: 9322.711 Thread 0x0000026d611d5000 17841       3       com.sun.tools.javac.code.Type::contains (6 bytes)
Event: 9322.711 Thread 0x0000026d611d5000 nmethod 17841 0x0000026d4ba54490 code [0x0000026d4ba546a0, 0x0000026d4ba54d48]
Event: 9322.711 Thread 0x0000026d611d5000 17843       3       com.sun.tools.javac.comp.Infer$IncorporationBinaryOp::hashCode (54 bytes)
Event: 9322.712 Thread 0x0000026d611d5000 nmethod 17843 0x0000026d4bbd2790 code [0x0000026d4bbd29e0, 0x0000026d4bbd3228]
Event: 9322.712 Thread 0x0000026d611d5000 17844       3       com.sun.tools.javac.code.Type$DelegatedType::<init> (10 bytes)
Event: 9322.712 Thread 0x0000026d611d5000 nmethod 17844 0x0000026d4b897f90 code [0x0000026d4b898180, 0x0000026d4b8985f8]
Event: 9322.712 Thread 0x0000026d611d5000 17845       3       com.sun.tools.javac.code.Types::unboxedType (71 bytes)
Event: 9322.713 Thread 0x0000026d611d5000 nmethod 17845 0x0000026d4bd61d90 code [0x0000026d4bd61fa0, 0x0000026d4bd62578]
Event: 9322.713 Thread 0x0000026d611d5000 17847       3       com.sun.tools.javac.comp.Resolve$AbstractMethodCheck::reportMC (174 bytes)
Event: 9322.714 Thread 0x0000026d611d5000 nmethod 17847 0x0000026d4c322310 code [0x0000026d4c322640, 0x0000026d4c3239f8]
Event: 9322.714 Thread 0x0000026d611d5000 17846       3       com.sun.tools.javac.comp.Operators$OperatorType::asType (14 bytes)
Event: 9322.715 Thread 0x0000026d611d5000 nmethod 17846 0x0000026d4b8a9610 code [0x0000026d4b8a97e0, 0x0000026d4b8a9a88]

GC Heap History (20 events):
Event: 18.972 GC heap before
{Heap before GC invocations=17 (full 0):
 garbage-first heap   total 260096K, used 199315K [0x00000000a0000000, 0x0000000100000000)
  region size 1024K, 88 young (90112K), 4 survivors (4096K)
 Metaspace       used 100048K, capacity 102886K, committed 102956K, reserved 1138688K
  class space    used 12898K, capacity 13945K, committed 13952K, reserved 1048576K
}
Event: 18.976 GC heap after
{Heap after GC invocations=18 (full 0):
 garbage-first heap   total 260096K, used 111519K [0x00000000a0000000, 0x0000000100000000)
  region size 1024K, 5 young (5120K), 5 survivors (5120K)
 Metaspace       used 100048K, capacity 102886K, committed 102956K, reserved 1138688K
  class space    used 12898K, capacity 13945K, committed 13952K, reserved 1048576K
}
Event: 5160.053 GC heap before
{Heap before GC invocations=18 (full 0):
 garbage-first heap   total 260096K, used 199583K [0x00000000a0000000, 0x0000000100000000)
  region size 1024K, 91 young (93184K), 5 survivors (5120K)
 Metaspace       used 104304K, capacity 107326K, committed 107436K, reserved 1142784K
  class space    used 13231K, capacity 14290K, committed 14336K, reserved 1048576K
}
Event: 5160.059 GC heap after
{Heap after GC invocations=19 (full 0):
 garbage-first heap   total 260096K, used 112582K [0x00000000a0000000, 0x0000000100000000)
  region size 1024K, 6 young (6144K), 6 survivors (6144K)
 Metaspace       used 104304K, capacity 107326K, committed 107436K, reserved 1142784K
  class space    used 13231K, capacity 14290K, committed 14336K, reserved 1048576K
}
Event: 8273.104 GC heap before
{Heap before GC invocations=19 (full 0):
 garbage-first heap   total 260096K, used 203718K [0x00000000a0000000, 0x0000000100000000)
  region size 1024K, 95 young (97280K), 6 survivors (6144K)
 Metaspace       used 104349K, capacity 107390K, committed 107436K, reserved 1142784K
  class space    used 13233K, capacity 14290K, committed 14336K, reserved 1048576K
}
Event: 8273.122 GC heap after
{Heap after GC invocations=20 (full 0):
 garbage-first heap   total 260096K, used 111958K [0x00000000a0000000, 0x0000000100000000)
  region size 1024K, 5 young (5120K), 5 survivors (5120K)
 Metaspace       used 104349K, capacity 107390K, committed 107436K, reserved 1142784K
  class space    used 13233K, capacity 14290K, committed 14336K, reserved 1048576K
}
Event: 9319.730 GC heap before
{Heap before GC invocations=20 (full 0):
 garbage-first heap   total 260096K, used 208214K [0x00000000a0000000, 0x0000000100000000)
  region size 1024K, 98 young (100352K), 5 survivors (5120K)
 Metaspace       used 105245K, capacity 108252K, committed 108460K, reserved 1142784K
  class space    used 13280K, capacity 14325K, committed 14336K, reserved 1048576K
}
Event: 9319.761 GC heap after
{Heap after GC invocations=21 (full 0):
 garbage-first heap   total 260096K, used 126033K [0x00000000a0000000, 0x0000000100000000)
  region size 1024K, 13 young (13312K), 13 survivors (13312K)
 Metaspace       used 105245K, capacity 108252K, committed 108460K, reserved 1142784K
  class space    used 13280K, capacity 14325K, committed 14336K, reserved 1048576K
}
Event: 9319.926 GC heap before
{Heap before GC invocations=21 (full 0):
 garbage-first heap   total 260096K, used 147537K [0x00000000a0000000, 0x0000000100000000)
  region size 1024K, 33 young (33792K), 13 survivors (13312K)
 Metaspace       used 105331K, capacity 108321K, committed 108460K, reserved 1142784K
  class space    used 13285K, capacity 14327K, committed 14336K, reserved 1048576K
}
Event: 9319.959 GC heap after
{Heap after GC invocations=22 (full 0):
 garbage-first heap   total 260096K, used 133841K [0x00000000a0000000, 0x0000000100000000)
  region size 1024K, 6 young (6144K), 6 survivors (6144K)
 Metaspace       used 105331K, capacity 108321K, committed 108460K, reserved 1142784K
  class space    used 13285K, capacity 14327K, committed 14336K, reserved 1048576K
}
Event: 9321.342 GC heap before
{Heap before GC invocations=23 (full 0):
 garbage-first heap   total 260096K, used 181969K [0x00000000a0000000, 0x0000000100000000)
  region size 1024K, 56 young (57344K), 6 survivors (6144K)
 Metaspace       used 104384K, capacity 107188K, committed 108460K, reserved 1142784K
  class space    used 13132K, capacity 14102K, committed 14336K, reserved 1048576K
}
Event: 9321.351 GC heap after
{Heap after GC invocations=24 (full 0):
 garbage-first heap   total 260096K, used 127258K [0x00000000a0000000, 0x0000000100000000)
  region size 1024K, 5 young (5120K), 5 survivors (5120K)
 Metaspace       used 104384K, capacity 107188K, committed 108460K, reserved 1142784K
  class space    used 13132K, capacity 14102K, committed 14336K, reserved 1048576K
}
Event: 9321.378 GC heap before
{Heap before GC invocations=24 (full 0):
 garbage-first heap   total 260096K, used 134426K [0x00000000a0000000, 0x0000000100000000)
  region size 1024K, 12 young (12288K), 5 survivors (5120K)
 Metaspace       used 104388K, capacity 107189K, committed 108460K, reserved 1142784K
  class space    used 13132K, capacity 14102K, committed 14336K, reserved 1048576K
}
Event: 9321.387 GC heap after
{Heap after GC invocations=25 (full 0):
 garbage-first heap   total 260096K, used 102361K [0x00000000a0000000, 0x0000000100000000)
  region size 1024K, 2 young (2048K), 2 survivors (2048K)
 Metaspace       used 104388K, capacity 107189K, committed 108460K, reserved 1142784K
  class space    used 13132K, capacity 14102K, committed 14336K, reserved 1048576K
}
Event: 9321.515 GC heap before
{Heap before GC invocations=25 (full 0):
 garbage-first heap   total 260096K, used 111577K [0x00000000a0000000, 0x0000000100000000)
  region size 1024K, 12 young (12288K), 2 survivors (2048K)
 Metaspace       used 104394K, capacity 107189K, committed 108460K, reserved 1142784K
  class space    used 13132K, capacity 14102K, committed 14336K, reserved 1048576K
}
Event: 9321.520 GC heap after
{Heap after GC invocations=26 (full 0):
 garbage-first heap   total 260096K, used 98958K [0x00000000a0000000, 0x0000000100000000)
  region size 1024K, 1 young (1024K), 1 survivors (1024K)
 Metaspace       used 104394K, capacity 107189K, committed 108460K, reserved 1142784K
  class space    used 13132K, capacity 14102K, committed 14336K, reserved 1048576K
}
Event: 9322.356 GC heap before
{Heap before GC invocations=26 (full 0):
 garbage-first heap   total 260096K, used 184974K [0x00000000a0000000, 0x0000000100000000)
  region size 1024K, 73 young (74752K), 1 survivors (1024K)
 Metaspace       used 104643K, capacity 107588K, committed 108460K, reserved 1142784K
  class space    used 13148K, capacity 14174K, committed 14336K, reserved 1048576K
}
Event: 9322.376 GC heap after
{Heap after GC invocations=27 (full 0):
 garbage-first heap   total 260096K, used 127155K [0x00000000a0000000, 0x0000000100000000)
  region size 1024K, 10 young (10240K), 10 survivors (10240K)
 Metaspace       used 104643K, capacity 107588K, committed 108460K, reserved 1142784K
  class space    used 13148K, capacity 14174K, committed 14336K, reserved 1048576K
}
Event: 9322.615 GC heap before
{Heap before GC invocations=27 (full 0):
 garbage-first heap   total 260096K, used 184499K [0x00000000a0000000, 0x0000000100000000)
  region size 1024K, 66 young (67584K), 10 survivors (10240K)
 Metaspace       used 105345K, capacity 108229K, committed 108844K, reserved 1144832K
  class space    used 13224K, capacity 14238K, committed 14464K, reserved 1048576K
}
Event: 9322.648 GC heap after
{Heap after GC invocations=28 (full 0):
 garbage-first heap   total 260096K, used 143826K [0x00000000a0000000, 0x0000000100000000)
  region size 1024K, 9 young (9216K), 9 survivors (9216K)
 Metaspace       used 105345K, capacity 108229K, committed 108844K, reserved 1144832K
  class space    used 13224K, capacity 14238K, committed 14464K, reserved 1048576K
}

Deoptimization events (20 events):
Event: 9322.712 Thread 0x0000026d6845b000 Uncommon trap: trap_request=0xffffffde fr.pc=0x0000026d52d5b0e0 relative=0x0000000000000c80
Event: 9322.712 Thread 0x0000026d6845b000 Uncommon trap: reason=class_check action=maybe_recompile pc=0x0000026d52d5b0e0 method=com.sun.tools.javac.code.Types.isAssignable(Lcom/sun/tools/javac/code/Type;Lcom/sun/tools/javac/code/Type;Lcom/sun/tools/javac/util/Warner;)Z @ 26 c2
Event: 9322.712 Thread 0x0000026d6845b000 DEOPT PACKING pc=0x0000026d52d5b0e0 sp=0x000000c613df94e0
Event: 9322.712 Thread 0x0000026d6845b000 DEOPT UNPACKING pc=0x0000026d4ab074af sp=0x000000c613df9440 mode 2
Event: 9322.713 Thread 0x0000026d6845b000 Uncommon trap: trap_request=0xffffffde fr.pc=0x0000026d52d57910 relative=0x0000000000000d30
Event: 9322.713 Thread 0x0000026d6845b000 Uncommon trap: reason=class_check action=maybe_recompile pc=0x0000026d52d57910 method=com.sun.tools.javac.code.Types.isAssignable(Lcom/sun/tools/javac/code/Type;Lcom/sun/tools/javac/code/Type;Lcom/sun/tools/javac/util/Warner;)Z @ 26 c2
Event: 9322.713 Thread 0x0000026d6845b000 DEOPT PACKING pc=0x0000026d52d57910 sp=0x000000c613df88d0
Event: 9322.713 Thread 0x0000026d6845b000 DEOPT UNPACKING pc=0x0000026d4ab074af sp=0x000000c613df88c8 mode 2
Event: 9322.714 Thread 0x0000026d6845b000 Uncommon trap: trap_request=0xffffffc6 fr.pc=0x0000026d52d3a9f4 relative=0x00000000000000b4
Event: 9322.714 Thread 0x0000026d6845b000 Uncommon trap: reason=bimorphic_or_optimized_type_check action=maybe_recompile pc=0x0000026d52d3a9f4 method=com.sun.tools.javac.tree.TreeInfo.flags(Lcom/sun/tools/javac/tree/JCTree;)J @ 4 c2
Event: 9322.714 Thread 0x0000026d6845b000 DEOPT PACKING pc=0x0000026d52d3a9f4 sp=0x000000c613df9090
Event: 9322.714 Thread 0x0000026d6845b000 DEOPT UNPACKING pc=0x0000026d4ab074af sp=0x000000c613df9020 mode 2
Event: 9322.715 Thread 0x0000026d6845b000 Uncommon trap: trap_request=0xffffffc6 fr.pc=0x0000026d52d3a9f4 relative=0x00000000000000b4
Event: 9322.715 Thread 0x0000026d6845b000 Uncommon trap: reason=bimorphic_or_optimized_type_check action=maybe_recompile pc=0x0000026d52d3a9f4 method=com.sun.tools.javac.tree.TreeInfo.flags(Lcom/sun/tools/javac/tree/JCTree;)J @ 4 c2
Event: 9322.715 Thread 0x0000026d6845b000 DEOPT PACKING pc=0x0000026d52d3a9f4 sp=0x000000c613df9090
Event: 9322.715 Thread 0x0000026d6845b000 DEOPT UNPACKING pc=0x0000026d4ab074af sp=0x000000c613df9020 mode 2
Event: 9322.715 Thread 0x0000026d6845b000 Uncommon trap: trap_request=0xffffffde fr.pc=0x0000026d52c9c3e4 relative=0x0000000000000504
Event: 9322.715 Thread 0x0000026d6845b000 Uncommon trap: reason=class_check action=maybe_recompile pc=0x0000026d52c9c3e4 method=com.sun.tools.javac.comp.Attr$TypeAnnotationsValidator.validateAnnotatedType(Lcom/sun/tools/javac/tree/JCTree;Lcom/sun/tools/javac/code/Type;)V @ 33 c2
Event: 9322.715 Thread 0x0000026d6845b000 DEOPT PACKING pc=0x0000026d52c9c3e4 sp=0x000000c613dfa820
Event: 9322.716 Thread 0x0000026d6845b000 DEOPT UNPACKING pc=0x0000026d4ab074af sp=0x000000c613dfa818 mode 2

Classes redefined (0 events):
No events

Internal exceptions (20 events):
Event: 9322.390 Thread 0x0000026d6845b000 Exception <a 'sun/nio/fs/WindowsException'{0x00000000af8bce08}> (0x00000000af8bce08) thrown at [./src/hotspot/share/prims/jni.cpp, line 615]
Event: 9322.407 Thread 0x0000026d6845b000 Implicit null exception at 0x0000026d52880552 to 0x0000026d52883a78
Event: 9322.491 Thread 0x0000026d6845b000 Exception <a 'sun/nio/fs/WindowsException'{0x00000000aee6ff38}> (0x00000000aee6ff38) thrown at [./src/hotspot/share/prims/jni.cpp, line 615]
Event: 9322.491 Thread 0x0000026d6845b000 Exception <a 'sun/nio/fs/WindowsException'{0x00000000aee70098}> (0x00000000aee70098) thrown at [./src/hotspot/share/prims/jni.cpp, line 615]
Event: 9322.556 Thread 0x0000026d6845b000 Exception <a 'sun/nio/fs/WindowsException'{0x00000000ae8edd60}> (0x00000000ae8edd60) thrown at [./src/hotspot/share/prims/jni.cpp, line 615]
Event: 9322.557 Thread 0x0000026d6845b000 Exception <a 'sun/nio/fs/WindowsException'{0x00000000ae8f3368}> (0x00000000ae8f3368) thrown at [./src/hotspot/share/prims/jni.cpp, line 615]
Event: 9322.557 Thread 0x0000026d6845b000 Exception <a 'sun/nio/fs/WindowsException'{0x00000000ae8f3d40}> (0x00000000ae8f3d40) thrown at [./src/hotspot/share/prims/jni.cpp, line 615]
Event: 9322.558 Thread 0x0000026d6845b000 Exception <a 'sun/nio/fs/WindowsException'{0x00000000ae8f4f50}> (0x00000000ae8f4f50) thrown at [./src/hotspot/share/prims/jni.cpp, line 615]
Event: 9322.558 Thread 0x0000026d6845b000 Exception <a 'sun/nio/fs/WindowsException'{0x00000000ae8f5d08}> (0x00000000ae8f5d08) thrown at [./src/hotspot/share/prims/jni.cpp, line 615]
Event: 9322.558 Thread 0x0000026d6845b000 Exception <a 'sun/nio/fs/WindowsException'{0x00000000ae8f6c90}> (0x00000000ae8f6c90) thrown at [./src/hotspot/share/prims/jni.cpp, line 615]
Event: 9322.558 Thread 0x0000026d6845b000 Exception <a 'sun/nio/fs/WindowsException'{0x00000000ae8f6e00}> (0x00000000ae8f6e00) thrown at [./src/hotspot/share/prims/jni.cpp, line 615]
Event: 9322.558 Thread 0x0000026d6845b000 Exception <a 'sun/nio/fs/WindowsException'{0x00000000ae8f8ae8}> (0x00000000ae8f8ae8) thrown at [./src/hotspot/share/prims/jni.cpp, line 615]
Event: 9322.558 Thread 0x0000026d6845b000 Exception <a 'sun/nio/fs/WindowsException'{0x00000000ae8f8c48}> (0x00000000ae8f8c48) thrown at [./src/hotspot/share/prims/jni.cpp, line 615]
Event: 9322.558 Thread 0x0000026d6845b000 Exception <a 'sun/nio/fs/WindowsException'{0x00000000ae8fa918}> (0x00000000ae8fa918) thrown at [./src/hotspot/share/prims/jni.cpp, line 615]
Event: 9322.558 Thread 0x0000026d6845b000 Exception <a 'sun/nio/fs/WindowsException'{0x00000000ae8faa68}> (0x00000000ae8faa68) thrown at [./src/hotspot/share/prims/jni.cpp, line 615]
Event: 9322.558 Thread 0x0000026d6845b000 Exception <a 'sun/nio/fs/WindowsException'{0x00000000ae8fc730}> (0x00000000ae8fc730) thrown at [./src/hotspot/share/prims/jni.cpp, line 615]
Event: 9322.585 Thread 0x0000026d6845b000 Exception <a 'sun/nio/fs/WindowsException'{0x00000000ad7b2628}> (0x00000000ad7b2628) thrown at [./src/hotspot/share/prims/jni.cpp, line 615]
Event: 9322.585 Thread 0x0000026d6845b000 Exception <a 'sun/nio/fs/WindowsException'{0x00000000ad7b2780}> (0x00000000ad7b2780) thrown at [./src/hotspot/share/prims/jni.cpp, line 615]
Event: 9322.701 Thread 0x0000026d6845b000 Exception <a 'sun/nio/fs/WindowsException'{0x00000000ae84dbd8}> (0x00000000ae84dbd8) thrown at [./src/hotspot/share/prims/jni.cpp, line 615]
Event: 9322.701 Thread 0x0000026d6845b000 Exception <a 'sun/nio/fs/WindowsException'{0x00000000ae84dd20}> (0x00000000ae84dd20) thrown at [./src/hotspot/share/prims/jni.cpp, line 615]

Events (20 events):
Event: 9322.553 loading class com/squareup/javapoet/AnnotationSpec$Builder done
Event: 9322.553 loading class com/squareup/javapoet/ParameterSpec
Event: 9322.553 loading class com/squareup/javapoet/ParameterSpec done
Event: 9322.553 loading class com/squareup/javapoet/ParameterSpec$Builder
Event: 9322.553 loading class com/squareup/javapoet/ParameterSpec$Builder done
Event: 9322.554 loading class com/squareup/javapoet/JavaFile
Event: 9322.554 loading class com/squareup/javapoet/JavaFile done
Event: 9322.555 loading class com/squareup/javapoet/JavaFile$1
Event: 9322.555 loading class com/squareup/javapoet/JavaFile$1 done
Event: 9322.555 loading class com/squareup/javapoet/JavaFile$Builder
Event: 9322.555 loading class com/squareup/javapoet/JavaFile$Builder done
Event: 9322.560 loading class com/squareup/javapoet/LineWrapper$FlushType
Event: 9322.560 loading class com/squareup/javapoet/LineWrapper$FlushType done
Event: 9322.560 loading class com/squareup/javapoet/LineWrapper$1
Event: 9322.560 loading class com/squareup/javapoet/LineWrapper$1 done
Event: 9322.614 Executing VM operation: G1CollectForAllocation
Event: 9322.648 Executing VM operation: G1CollectForAllocation done
Event: 9322.707 Executing VM operation: ICBufferFull
Event: 9322.707 Executing VM operation: ICBufferFull done
Event: 9322.716 Executing VM operation: ICBufferFull


Dynamic libraries:
0x00007ff6f9510000 - 0x00007ff6f951a000 	C:\Program Files\Android\Android Studio\jre\bin\java.exe
0x00007ff84bc50000 - 0x00007ff84be45000 	C:\Windows\SYSTEM32\ntdll.dll
0x00007ff84a230000 - 0x00007ff84a2ed000 	C:\Windows\System32\KERNEL32.DLL
0x00007ff8495d0000 - 0x00007ff849898000 	C:\Windows\System32\KERNELBASE.dll
0x00007ff849ad0000 - 0x00007ff849bd0000 	C:\Windows\System32\ucrtbase.dll
0x00007ff83cb30000 - 0x00007ff83cb47000 	C:\Program Files\Android\Android Studio\jre\bin\VCRUNTIME140.dll
0x00007ff82aee0000 - 0x00007ff82aef9000 	C:\Program Files\Android\Android Studio\jre\bin\jli.dll
0x00007ff84ac30000 - 0x00007ff84add0000 	C:\Windows\System32\USER32.dll
0x00007ff849940000 - 0x00007ff849962000 	C:\Windows\System32\win32u.dll
0x00007ff84add0000 - 0x00007ff84adfa000 	C:\Windows\System32\GDI32.dll
0x00007ff8493c0000 - 0x00007ff8494cb000 	C:\Windows\System32\gdi32full.dll
0x00007ff8498a0000 - 0x00007ff84993d000 	C:\Windows\System32\msvcp_win.dll
0x00007ff835e90000 - 0x00007ff83612a000 	C:\Windows\WinSxS\amd64_microsoft.windows.common-controls_6595b64144ccf1df_6.0.19041.1052_none_60b8f8fd71f5e8cb\COMCTL32.dll
0x00007ff84aef0000 - 0x00007ff84af8e000 	C:\Windows\System32\msvcrt.dll
0x00007ff84ba30000 - 0x00007ff84ba60000 	C:\Windows\System32\IMM32.DLL
0x00007ff80ed10000 - 0x00007ff80edad000 	C:\Program Files\Android\Android Studio\jre\bin\msvcp140.dll
0x00007ff8033e0000 - 0x00007ff803e9c000 	C:\Program Files\Android\Android Studio\jre\bin\server\jvm.dll
0x00007ff84a440000 - 0x00007ff84a4ec000 	C:\Windows\System32\ADVAPI32.dll
0x00007ff84a3a0000 - 0x00007ff84a43b000 	C:\Windows\System32\sechost.dll
0x00007ff84bae0000 - 0x00007ff84bc0b000 	C:\Windows\System32\RPCRT4.dll
0x00007ff84b820000 - 0x00007ff84b828000 	C:\Windows\System32\PSAPI.DLL
0x00007ff82e850000 - 0x00007ff82e877000 	C:\Windows\SYSTEM32\WINMM.dll
0x00007ff83ddf0000 - 0x00007ff83ddfa000 	C:\Windows\SYSTEM32\VERSION.dll
0x00007ff841a50000 - 0x00007ff841a59000 	C:\Windows\SYSTEM32\WSOCK32.dll
0x00007ff84b9c0000 - 0x00007ff84ba2b000 	C:\Windows\System32\WS2_32.dll
0x00007ff847c60000 - 0x00007ff847c72000 	C:\Windows\SYSTEM32\kernel.appcore.dll
0x00007ff840010000 - 0x00007ff840021000 	C:\Program Files\Android\Android Studio\jre\bin\verify.dll
0x00007ff8470c0000 - 0x00007ff8472a4000 	C:\Windows\SYSTEM32\DBGHELP.DLL
0x00007ff8349a0000 - 0x00007ff8349cc000 	C:\Windows\SYSTEM32\dbgcore.DLL
0x00007ff849c30000 - 0x00007ff849cb3000 	C:\Windows\System32\bcryptPrimitives.dll
0x00007ff82ae80000 - 0x00007ff82aea9000 	C:\Program Files\Android\Android Studio\jre\bin\java.dll
0x00007ff841a40000 - 0x00007ff841a4b000 	C:\Program Files\Android\Android Studio\jre\bin\jimage.dll
0x00007ff82b040000 - 0x00007ff82b058000 	C:\Program Files\Android\Android Studio\jre\bin\zip.dll
0x00007ff84a4f0000 - 0x00007ff84ac2f000 	C:\Windows\System32\SHELL32.dll
0x00007ff8472d0000 - 0x00007ff847a60000 	C:\Windows\SYSTEM32\windows.storage.dll
0x00007ff849da0000 - 0x00007ff84a0f5000 	C:\Windows\System32\combase.dll
0x00007ff848e00000 - 0x00007ff848e2c000 	C:\Windows\SYSTEM32\Wldp.dll
0x00007ff84a2f0000 - 0x00007ff84a39e000 	C:\Windows\System32\SHCORE.dll
0x00007ff84b830000 - 0x00007ff84b885000 	C:\Windows\System32\shlwapi.dll
0x00007ff8492d0000 - 0x00007ff8492ef000 	C:\Windows\SYSTEM32\profapi.dll
0x00007ff82ae60000 - 0x00007ff82ae7a000 	C:\Program Files\Android\Android Studio\jre\bin\net.dll
0x00007ff840cb0000 - 0x00007ff840dbb000 	C:\Windows\SYSTEM32\WINHTTP.dll
0x00007ff848b70000 - 0x00007ff848bda000 	C:\Windows\system32\mswsock.dll
0x00007ff82ad30000 - 0x00007ff82ad44000 	C:\Program Files\Android\Android Studio\jre\bin\nio.dll
0x00007ff82bea0000 - 0x00007ff82bec6000 	C:\Users\ZJ\.gradle\native\30\windows-amd64\native-platform.dll
0x00007ff83c8a0000 - 0x00007ff83c8aa000 	C:\Program Files\Android\Android Studio\jre\bin\management.dll
0x00007ff82b260000 - 0x00007ff82b26c000 	C:\Program Files\Android\Android Studio\jre\bin\management_ext.dll
0x00007ff848d40000 - 0x00007ff848d58000 	C:\Windows\SYSTEM32\CRYPTSP.dll
0x00007ff8484a0000 - 0x00007ff8484d4000 	C:\Windows\system32\rsaenh.dll
0x00007ff849390000 - 0x00007ff8493b7000 	C:\Windows\System32\bcrypt.dll
0x00007ff849250000 - 0x00007ff84927e000 	C:\Windows\SYSTEM32\USERENV.dll
0x00007ff848d60000 - 0x00007ff848d6c000 	C:\Windows\SYSTEM32\CRYPTBASE.dll
0x00007ff848810000 - 0x00007ff84884b000 	C:\Windows\SYSTEM32\IPHLPAPI.DLL
0x00007ff84b280000 - 0x00007ff84b288000 	C:\Windows\System32\NSI.dll
0x00007ff83df80000 - 0x00007ff83df97000 	C:\Windows\SYSTEM32\dhcpcsvc6.DLL
0x00007ff83e4f0000 - 0x00007ff83e50d000 	C:\Windows\SYSTEM32\dhcpcsvc.DLL
0x00007ff848860000 - 0x00007ff84892c000 	C:\Windows\SYSTEM32\DNSAPI.dll
0x00007ff82a210000 - 0x00007ff82a237000 	C:\Program Files\Android\Android Studio\jre\bin\sunec.dll

dbghelp: loaded successfully - version: 4.0.5 - missing functions: none
symbol engine: initialized successfully - sym options: 0x614 - pdb path: .;C:\Program Files\Android\Android Studio\jre\bin;C:\Windows\SYSTEM32;C:\Windows\WinSxS\amd64_microsoft.windows.common-controls_6595b64144ccf1df_6.0.19041.1052_none_60b8f8fd71f5e8cb;C:\Program Files\Android\Android Studio\jre\bin\server;C:\Users\ZJ\.gradle\native\30\windows-amd64

VM Arguments:
jvm_args: --add-opens=java.base/java.util=ALL-UNNAMED --add-opens=java.base/java.lang=ALL-UNNAMED --add-opens=java.base/java.lang.invoke=ALL-UNNAMED --add-opens=java.prefs/java.util.prefs=ALL-UNNAMED -Xmx1536m -Dfile.encoding=GBK -Duser.country=CN -Duser.language=zh -Duser.variant 
java_command: org.gradle.launcher.daemon.bootstrap.GradleDaemon 5.6.3
java_class_path (initial): C:\Users\ZJ\.gradle\wrapper\dists\gradle-5.6.3-all\7wpcz6s7ut7bllr9k6e1hazxc\gradle-5.6.3\lib\gradle-launcher-5.6.3.jar
Launcher Type: SUN_STANDARD

[Global flags]
     intx CICompilerCount                          = 4                                         {product} {ergonomic}
     uint ConcGCThreads                            = 2                                         {product} {ergonomic}
     uint G1ConcRefinementThreads                  = 8                                         {product} {ergonomic}
   size_t G1HeapRegionSize                         = 1048576                                   {product} {ergonomic}
    uintx GCDrainStackTargetSize                   = 64                                        {product} {ergonomic}
   size_t InitialHeapSize                          = 266338304                                 {product} {ergonomic}
   size_t MarkStackSize                            = 4194304                                   {product} {ergonomic}
   size_t MaxHeapSize                              = 1610612736                                {product} {command line}
   size_t MaxNewSize                               = 965738496                                 {product} {ergonomic}
   size_t MinHeapDeltaBytes                        = 1048576                                   {product} {ergonomic}
    uintx NonNMethodCodeHeapSize                   = 5836300                                {pd product} {ergonomic}
    uintx NonProfiledCodeHeapSize                  = 122910970                              {pd product} {ergonomic}
    uintx ProfiledCodeHeapSize                     = 122910970                              {pd product} {ergonomic}
    uintx ReservedCodeCacheSize                    = 251658240                              {pd product} {ergonomic}
     bool SegmentedCodeCache                       = true                                      {product} {ergonomic}
     bool UseCompressedClassPointers               = true                                 {lp64_product} {ergonomic}
     bool UseCompressedOops                        = true                                 {lp64_product} {ergonomic}
     bool UseG1GC                                  = true                                      {product} {ergonomic}
     bool UseLargePagesIndividualAllocation        = false                                  {pd product} {ergonomic}

Logging:
Log output configuration:
 #0: stdout all=warning uptime,level,tags
 #1: stderr all=off uptime,level,tags

Environment Variables:
PATH=C:\Program Files (x86)\Common Files\Oracle\Java\javapath;C:\Program Files (x86)\NVIDIA Corporation\PhysX\Common;C:\Windows\system32;C:\Windows;C:\Windows\System32\Wbem;C:\Windows\System32\WindowsPowerShell\v1.0\;C:\Windows\System32\OpenSSH\;C:\Program Files\Java\jdk1.8.0_291\bin;C:\Users\ZJ\AppData\Local\Microsoft\WindowsApps;C:\Program Files\Java\jdk1.8.0_291\bin;C:\Users\ZJ\AppData\Local\Android\Sdk\platform-tools;
USERNAME=ZJ
OS=Windows_NT
PROCESSOR_IDENTIFIER=Intel64 Family 6 Model 142 Stepping 12, GenuineIntel



---------------  S Y S T E M  ---------------

OS: Windows 10 , 64 bit Build 19041 (10.0.19041.1023)
OS uptime: 3 days 0:41 hours

CPU:total 8 (initial active 8) (4 cores per cpu, 2 threads per core) family 6 model 142 stepping 12, cmov, cx8, fxsr, mmx, sse, sse2, sse3, ssse3, sse4.1, sse4.2, popcnt, avx, avx2, aes, clmul, erms, 3dnowpref, lzcnt, ht, tsc, tscinvbit, bmi1, bmi2, adx, fma

Memory: 4k page, system-wide physical 16138M (3142M free)
TotalPageFile size 27856M (AvailPageFile size 3495M)
current process WorkingSet (physical memory assigned to process): 502M, peak: 566M
current process commit charge ("private bytes"): 608M, peak: 616M

vm_info: OpenJDK 64-Bit Server VM (11.0.8+10-b944.6842174) for windows-amd64 JRE (11.0.8+10-b944.6842174), built on Sep 19 2020 01:11:42 by "builder" with MS VC++ 14.0 (VS2015)

END.
